2019-10-25 20:26:44,294 WARN org.apache.hadoop.util.NativeCodeLoader: Unable to load native-hadoop library for your platform... using builtin-java classes where applicable
2019-10-25 20:26:45,100 INFO org.apache.hadoop.conf.Configuration.deprecation: session.id is deprecated. Instead, use dfs.metrics.session-id
2019-10-25 20:26:45,115 INFO org.apache.hadoop.metrics.jvm.JvmMetrics: Initializing JVM Metrics with processName=JobTracker, sessionId=
2019-10-25 20:26:45,483 WARN org.apache.hadoop.mapreduce.JobResourceUploader: No job jar file set.  User classes may not be found. See Job or Job#setJar(String).
2019-10-25 20:26:45,488 INFO org.apache.hadoop.mapreduce.lib.input.FileInputFormat: Total input paths to process : 1
2019-10-25 20:26:45,547 INFO org.apache.hadoop.mapreduce.JobSubmitter: number of splits:1
2019-10-25 20:26:45,830 INFO org.apache.hadoop.mapreduce.JobSubmitter: Submitting tokens for job: job_local711912742_0001
2019-10-25 20:26:46,290 INFO org.apache.hadoop.mapreduce.Job: The url to track the job: http://localhost:8080/
2019-10-25 20:26:46,295 INFO org.apache.hadoop.mapred.LocalJobRunner: OutputCommitter set in config null
2019-10-25 20:26:46,299 INFO org.apache.hadoop.mapreduce.lib.output.FileOutputCommitter: File Output Committer Algorithm version is 1
2019-10-25 20:26:46,301 INFO org.apache.hadoop.mapreduce.Job: Running job: job_local711912742_0001
2019-10-25 20:26:46,313 INFO org.apache.hadoop.mapreduce.lib.output.FileOutputCommitter: FileOutputCommitter skip cleanup _temporary folders under output directory:false, ignore cleanup failures: false
2019-10-25 20:26:46,320 INFO org.apache.hadoop.mapred.LocalJobRunner: OutputCommitter is org.apache.hadoop.mapreduce.lib.output.FileOutputCommitter
2019-10-25 20:26:46,430 INFO org.apache.hadoop.mapred.LocalJobRunner: Waiting for map tasks
2019-10-25 20:26:46,431 INFO org.apache.hadoop.mapred.LocalJobRunner: Starting task: attempt_local711912742_0001_m_000000_0
2019-10-25 20:26:46,486 INFO org.apache.hadoop.mapreduce.lib.output.FileOutputCommitter: File Output Committer Algorithm version is 1
2019-10-25 20:26:46,487 INFO org.apache.hadoop.mapreduce.lib.output.FileOutputCommitter: FileOutputCommitter skip cleanup _temporary folders under output directory:false, ignore cleanup failures: false
2019-10-25 20:26:46,515 INFO org.apache.hadoop.mapred.Task:  Using ResourceCalculatorProcessTree : [ ]
2019-10-25 20:26:46,521 INFO org.apache.hadoop.mapred.MapTask: Processing split: file:/home/cloudera/workspace/word_co-occurrence/test.txt:0+25
2019-10-25 20:26:46,630 INFO org.apache.hadoop.mapred.MapTask: (EQUATOR) 0 kvi 26214396(104857584)
2019-10-25 20:26:46,630 INFO org.apache.hadoop.mapred.MapTask: mapreduce.task.io.sort.mb: 100
2019-10-25 20:26:46,630 INFO org.apache.hadoop.mapred.MapTask: soft limit at 83886080
2019-10-25 20:26:46,630 INFO org.apache.hadoop.mapred.MapTask: bufstart = 0; bufvoid = 104857600
2019-10-25 20:26:46,630 INFO org.apache.hadoop.mapred.MapTask: kvstart = 26214396; length = 6553600
2019-10-25 20:26:46,636 INFO org.apache.hadoop.mapred.MapTask: Map output collector class = org.apache.hadoop.mapred.MapTask$MapOutputBuffer
2019-10-25 20:26:46,646 INFO org.apache.hadoop.mapred.LocalJobRunner: 
2019-10-25 20:26:46,646 INFO org.apache.hadoop.mapred.MapTask: Starting flush of map output
2019-10-25 20:26:46,648 INFO org.apache.hadoop.mapred.MapTask: Spilling map output
2019-10-25 20:26:46,648 INFO org.apache.hadoop.mapred.MapTask: bufstart = 0; bufend = 66; bufvoid = 104857600
2019-10-25 20:26:46,648 INFO org.apache.hadoop.mapred.MapTask: kvstart = 26214396(104857584); kvend = 26214376(104857504); length = 21/6553600
2019-10-25 20:26:46,657 INFO org.apache.hadoop.mapred.MapTask: Finished spill 0
2019-10-25 20:26:46,659 INFO org.apache.hadoop.mapred.Task: Task:attempt_local711912742_0001_m_000000_0 is done. And is in the process of committing
2019-10-25 20:26:46,671 INFO org.apache.hadoop.mapred.LocalJobRunner: map
2019-10-25 20:26:46,672 INFO org.apache.hadoop.mapred.Task: Task 'attempt_local711912742_0001_m_000000_0' done.
2019-10-25 20:26:46,672 INFO org.apache.hadoop.mapred.LocalJobRunner: Finishing task: attempt_local711912742_0001_m_000000_0
2019-10-25 20:26:46,672 INFO org.apache.hadoop.mapred.LocalJobRunner: map task executor complete.
2019-10-25 20:26:46,675 INFO org.apache.hadoop.mapred.LocalJobRunner: Waiting for reduce tasks
2019-10-25 20:26:46,675 INFO org.apache.hadoop.mapred.LocalJobRunner: Starting task: attempt_local711912742_0001_r_000000_0
2019-10-25 20:26:46,682 INFO org.apache.hadoop.mapreduce.lib.output.FileOutputCommitter: File Output Committer Algorithm version is 1
2019-10-25 20:26:46,682 INFO org.apache.hadoop.mapreduce.lib.output.FileOutputCommitter: FileOutputCommitter skip cleanup _temporary folders under output directory:false, ignore cleanup failures: false
2019-10-25 20:26:46,685 INFO org.apache.hadoop.mapred.Task:  Using ResourceCalculatorProcessTree : [ ]
2019-10-25 20:26:46,689 INFO org.apache.hadoop.mapred.ReduceTask: Using ShuffleConsumerPlugin: org.apache.hadoop.mapreduce.task.reduce.Shuffle@1aadf2c7
2019-10-25 20:26:46,704 INFO org.apache.hadoop.mapreduce.task.reduce.MergeManagerImpl: MergerManager: memoryLimit=679778688, maxSingleShuffleLimit=169944672, mergeThreshold=448653952, ioSortFactor=10, memToMemMergeOutputsThreshold=10
2019-10-25 20:26:46,717 INFO org.apache.hadoop.mapreduce.task.reduce.EventFetcher: attempt_local711912742_0001_r_000000_0 Thread started: EventFetcher for fetching Map Completion Events
2019-10-25 20:26:46,749 INFO org.apache.hadoop.mapreduce.task.reduce.LocalFetcher: localfetcher#1 about to shuffle output of map attempt_local711912742_0001_m_000000_0 decomp: 80 len: 84 to MEMORY
2019-10-25 20:26:46,756 INFO org.apache.hadoop.mapreduce.task.reduce.InMemoryMapOutput: Read 80 bytes from map-output for attempt_local711912742_0001_m_000000_0
2019-10-25 20:26:46,761 INFO org.apache.hadoop.mapreduce.task.reduce.MergeManagerImpl: closeInMemoryFile -> map-output of size: 80, inMemoryMapOutputs.size() -> 1, commitMemory -> 0, usedMemory ->80
2019-10-25 20:26:46,762 INFO org.apache.hadoop.mapreduce.task.reduce.EventFetcher: EventFetcher is interrupted.. Returning
2019-10-25 20:26:46,762 INFO org.apache.hadoop.mapred.LocalJobRunner: 1 / 1 copied.
2019-10-25 20:26:46,762 INFO org.apache.hadoop.mapreduce.task.reduce.MergeManagerImpl: finalMerge called with 1 in-memory map-outputs and 0 on-disk map-outputs
2019-10-25 20:26:46,765 INFO org.apache.hadoop.mapred.Merger: Merging 1 sorted segments
2019-10-25 20:26:46,766 INFO org.apache.hadoop.mapred.Merger: Down to the last merge-pass, with 1 segments left of total size: 72 bytes
2019-10-25 20:26:46,769 INFO org.apache.hadoop.mapreduce.task.reduce.MergeManagerImpl: Merged 1 segments, 80 bytes to disk to satisfy reduce memory limit
2019-10-25 20:26:46,769 INFO org.apache.hadoop.mapreduce.task.reduce.MergeManagerImpl: Merging 1 files, 84 bytes from disk
2019-10-25 20:26:46,774 INFO org.apache.hadoop.mapreduce.task.reduce.MergeManagerImpl: Merging 0 segments, 0 bytes from memory into reduce
2019-10-25 20:26:46,774 INFO org.apache.hadoop.mapred.Merger: Merging 1 sorted segments
2019-10-25 20:26:46,774 INFO org.apache.hadoop.mapred.Merger: Down to the last merge-pass, with 1 segments left of total size: 72 bytes
2019-10-25 20:26:46,774 INFO org.apache.hadoop.mapred.LocalJobRunner: 1 / 1 copied.
2019-10-25 20:26:46,783 INFO org.apache.hadoop.conf.Configuration.deprecation: mapred.skip.on is deprecated. Instead, use mapreduce.job.skiprecords
2019-10-25 20:26:46,788 INFO org.apache.hadoop.mapred.Task: Task:attempt_local711912742_0001_r_000000_0 is done. And is in the process of committing
2019-10-25 20:26:46,795 INFO org.apache.hadoop.mapred.LocalJobRunner: 1 / 1 copied.
2019-10-25 20:26:46,795 INFO org.apache.hadoop.mapred.Task: Task attempt_local711912742_0001_r_000000_0 is allowed to commit now
2019-10-25 20:26:46,800 INFO org.apache.hadoop.mapreduce.lib.output.FileOutputCommitter: Saved output of task 'attempt_local711912742_0001_r_000000_0' to file:/home/cloudera/workspace/word_co-occurrence/output/_temporary/0/task_local711912742_0001_r_000000
2019-10-25 20:26:46,800 INFO org.apache.hadoop.mapred.LocalJobRunner: reduce > reduce
2019-10-25 20:26:46,804 INFO org.apache.hadoop.mapred.Task: Task 'attempt_local711912742_0001_r_000000_0' done.
2019-10-25 20:26:46,804 INFO org.apache.hadoop.mapred.LocalJobRunner: Finishing task: attempt_local711912742_0001_r_000000_0
2019-10-25 20:26:46,804 INFO org.apache.hadoop.mapred.LocalJobRunner: reduce task executor complete.
2019-10-25 20:26:47,313 INFO org.apache.hadoop.mapreduce.Job: Job job_local711912742_0001 running in uber mode : false
2019-10-25 20:26:47,314 INFO org.apache.hadoop.mapreduce.Job:  map 100% reduce 100%
2019-10-25 20:26:47,317 INFO org.apache.hadoop.mapreduce.Job: Job job_local711912742_0001 completed successfully
2019-10-25 20:26:47,343 INFO org.apache.hadoop.mapreduce.Job: Counters: 30
	File System Counters
		FILE: Number of bytes read=602
		FILE: Number of bytes written=664125
		FILE: Number of read operations=0
		FILE: Number of large read operations=0
		FILE: Number of write operations=0
	Map-Reduce Framework
		Map input records=1
		Map output records=6
		Map output bytes=66
		Map output materialized bytes=84
		Input split bytes=122
		Combine input records=0
		Combine output records=0
		Reduce input groups=5
		Reduce shuffle bytes=84
		Reduce input records=6
		Reduce output records=5
		Spilled Records=12
		Shuffled Maps =1
		Failed Shuffles=0
		Merged Map outputs=1
		GC time elapsed (ms)=38
		Total committed heap usage (bytes)=331227136
	Shuffle Errors
		BAD_ID=0
		CONNECTION=0
		IO_ERROR=0
		WRONG_LENGTH=0
		WRONG_MAP=0
		WRONG_REDUCE=0
	File Input Format Counters 
		Bytes Read=25
	File Output Format Counters 
		Bytes Written=57
