2019-10-11 10:23:12,247 WARN org.apache.hadoop.util.NativeCodeLoader: Unable to load native-hadoop library for your platform... using builtin-java classes where applicable
2019-10-11 10:23:12,745 INFO org.apache.hadoop.conf.Configuration.deprecation: session.id is deprecated. Instead, use dfs.metrics.session-id
2019-10-11 10:23:12,757 INFO org.apache.hadoop.metrics.jvm.JvmMetrics: Initializing JVM Metrics with processName=JobTracker, sessionId=
2019-10-11 10:23:13,110 WARN org.apache.hadoop.mapreduce.JobResourceUploader: No job jar file set.  User classes may not be found. See Job or Job#setJar(String).
2019-10-11 10:23:13,116 INFO org.apache.hadoop.mapreduce.JobSubmitter: Cleaning up the staging area file:/tmp/hadoop-cloudera/mapred/staging/cloudera946214097/.staging/job_local946214097_0001
2019-10-11 10:23:13,117 WARN org.apache.hadoop.security.UserGroupInformation: PriviledgedActionException as:cloudera (auth:SIMPLE) cause:org.apache.hadoop.mapreduce.lib.input.InvalidInputException: Input path does not exist: file:/home/cloudera/workspace/secondarysort/nameyaertestdata
2019-10-11 10:28:10,011 WARN org.apache.hadoop.util.NativeCodeLoader: Unable to load native-hadoop library for your platform... using builtin-java classes where applicable
2019-10-11 10:28:10,430 INFO org.apache.hadoop.conf.Configuration.deprecation: session.id is deprecated. Instead, use dfs.metrics.session-id
2019-10-11 10:28:10,437 INFO org.apache.hadoop.metrics.jvm.JvmMetrics: Initializing JVM Metrics with processName=JobTracker, sessionId=
2019-10-11 10:28:10,763 WARN org.apache.hadoop.mapreduce.JobResourceUploader: No job jar file set.  User classes may not be found. See Job or Job#setJar(String).
2019-10-11 10:28:10,768 INFO org.apache.hadoop.mapreduce.JobSubmitter: Cleaning up the staging area file:/tmp/hadoop-cloudera/mapred/staging/cloudera1474332700/.staging/job_local1474332700_0001
2019-10-11 10:28:10,769 WARN org.apache.hadoop.security.UserGroupInformation: PriviledgedActionException as:cloudera (auth:SIMPLE) cause:org.apache.hadoop.mapreduce.lib.input.InvalidInputException: Input path does not exist: file:/home/cloudera/workspace/secondarysort/nameyaertestdata
2019-10-11 10:28:54,186 WARN org.apache.hadoop.util.NativeCodeLoader: Unable to load native-hadoop library for your platform... using builtin-java classes where applicable
2019-10-11 10:28:54,649 INFO org.apache.hadoop.conf.Configuration.deprecation: session.id is deprecated. Instead, use dfs.metrics.session-id
2019-10-11 10:28:54,654 INFO org.apache.hadoop.metrics.jvm.JvmMetrics: Initializing JVM Metrics with processName=JobTracker, sessionId=
2019-10-11 10:28:54,988 WARN org.apache.hadoop.mapreduce.JobResourceUploader: No job jar file set.  User classes may not be found. See Job or Job#setJar(String).
2019-10-11 10:28:54,993 INFO org.apache.hadoop.mapreduce.JobSubmitter: Cleaning up the staging area file:/tmp/hadoop-cloudera/mapred/staging/cloudera196196737/.staging/job_local196196737_0001
2019-10-11 10:28:54,994 WARN org.apache.hadoop.security.UserGroupInformation: PriviledgedActionException as:cloudera (auth:SIMPLE) cause:org.apache.hadoop.mapreduce.lib.input.InvalidInputException: Input path does not exist: file:/home/cloudera/workspace/secondarysort/nameyaertestdata
2019-10-11 10:31:33,625 WARN org.apache.hadoop.util.NativeCodeLoader: Unable to load native-hadoop library for your platform... using builtin-java classes where applicable
2019-10-11 10:31:34,083 INFO org.apache.hadoop.conf.Configuration.deprecation: session.id is deprecated. Instead, use dfs.metrics.session-id
2019-10-11 10:31:34,088 INFO org.apache.hadoop.metrics.jvm.JvmMetrics: Initializing JVM Metrics with processName=JobTracker, sessionId=
2019-10-11 10:31:34,387 WARN org.apache.hadoop.mapreduce.JobResourceUploader: No job jar file set.  User classes may not be found. See Job or Job#setJar(String).
2019-10-11 10:31:34,392 INFO org.apache.hadoop.mapreduce.JobSubmitter: Cleaning up the staging area file:/tmp/hadoop-cloudera/mapred/staging/cloudera2090443175/.staging/job_local2090443175_0001
2019-10-11 10:31:34,392 WARN org.apache.hadoop.security.UserGroupInformation: PriviledgedActionException as:cloudera (auth:SIMPLE) cause:org.apache.hadoop.mapreduce.lib.input.InvalidInputException: Input path does not exist: file:/home/cloudera/workspace/secondarysort/nameyaertestdata
2019-10-11 10:33:57,929 WARN org.apache.hadoop.util.NativeCodeLoader: Unable to load native-hadoop library for your platform... using builtin-java classes where applicable
2019-10-11 10:33:58,377 INFO org.apache.hadoop.conf.Configuration.deprecation: session.id is deprecated. Instead, use dfs.metrics.session-id
2019-10-11 10:33:58,378 INFO org.apache.hadoop.metrics.jvm.JvmMetrics: Initializing JVM Metrics with processName=JobTracker, sessionId=
2019-10-11 10:33:58,680 WARN org.apache.hadoop.mapreduce.JobResourceUploader: No job jar file set.  User classes may not be found. See Job or Job#setJar(String).
2019-10-11 10:33:58,684 INFO org.apache.hadoop.mapreduce.JobSubmitter: Cleaning up the staging area file:/tmp/hadoop-cloudera/mapred/staging/cloudera1458784450/.staging/job_local1458784450_0001
2019-10-11 10:33:58,685 WARN org.apache.hadoop.security.UserGroupInformation: PriviledgedActionException as:cloudera (auth:SIMPLE) cause:org.apache.hadoop.mapreduce.lib.input.InvalidInputException: Input path does not exist: file:/home/cloudera/workspace/secondarysort/nameyaertestdata
2019-10-11 11:34:25,464 WARN org.apache.hadoop.util.NativeCodeLoader: Unable to load native-hadoop library for your platform... using builtin-java classes where applicable
2019-10-11 11:34:25,944 INFO org.apache.hadoop.conf.Configuration.deprecation: session.id is deprecated. Instead, use dfs.metrics.session-id
2019-10-11 11:34:25,956 INFO org.apache.hadoop.metrics.jvm.JvmMetrics: Initializing JVM Metrics with processName=JobTracker, sessionId=
2019-10-11 11:34:26,285 WARN org.apache.hadoop.mapreduce.JobResourceUploader: No job jar file set.  User classes may not be found. See Job or Job#setJar(String).
2019-10-11 11:34:26,292 INFO org.apache.hadoop.mapreduce.lib.input.FileInputFormat: Total input paths to process : 1
2019-10-11 11:34:26,321 INFO org.apache.hadoop.mapreduce.JobSubmitter: number of splits:1
2019-10-11 11:34:26,500 INFO org.apache.hadoop.mapreduce.JobSubmitter: Submitting tokens for job: job_local1110155290_0001
2019-10-11 11:34:26,781 INFO org.apache.hadoop.mapreduce.Job: The url to track the job: http://localhost:8080/
2019-10-11 11:34:26,782 INFO org.apache.hadoop.mapreduce.Job: Running job: job_local1110155290_0001
2019-10-11 11:34:26,789 INFO org.apache.hadoop.mapred.LocalJobRunner: OutputCommitter set in config null
2019-10-11 11:34:26,792 INFO org.apache.hadoop.mapreduce.lib.output.FileOutputCommitter: File Output Committer Algorithm version is 1
2019-10-11 11:34:26,796 INFO org.apache.hadoop.mapreduce.lib.output.FileOutputCommitter: FileOutputCommitter skip cleanup _temporary folders under output directory:false, ignore cleanup failures: false
2019-10-11 11:34:26,800 INFO org.apache.hadoop.mapred.LocalJobRunner: OutputCommitter is org.apache.hadoop.mapreduce.lib.output.FileOutputCommitter
2019-10-11 11:34:26,861 INFO org.apache.hadoop.mapred.LocalJobRunner: Waiting for map tasks
2019-10-11 11:34:26,861 INFO org.apache.hadoop.mapred.LocalJobRunner: Starting task: attempt_local1110155290_0001_m_000000_0
2019-10-11 11:34:26,902 INFO org.apache.hadoop.mapreduce.lib.output.FileOutputCommitter: File Output Committer Algorithm version is 1
2019-10-11 11:34:26,904 INFO org.apache.hadoop.mapreduce.lib.output.FileOutputCommitter: FileOutputCommitter skip cleanup _temporary folders under output directory:false, ignore cleanup failures: false
2019-10-11 11:34:26,909 INFO org.apache.hadoop.mapred.Task:  Using ResourceCalculatorProcessTree : [ ]
2019-10-11 11:34:26,912 INFO org.apache.hadoop.mapred.MapTask: Processing split: file:/home/cloudera/workspace/secondarysort/nameyeartestdata:0+1576
2019-10-11 11:34:27,003 INFO org.apache.hadoop.mapred.MapTask: (EQUATOR) 0 kvi 26214396(104857584)
2019-10-11 11:34:27,003 INFO org.apache.hadoop.mapred.MapTask: mapreduce.task.io.sort.mb: 100
2019-10-11 11:34:27,003 INFO org.apache.hadoop.mapred.MapTask: soft limit at 83886080
2019-10-11 11:34:27,003 INFO org.apache.hadoop.mapred.MapTask: bufstart = 0; bufvoid = 104857600
2019-10-11 11:34:27,003 INFO org.apache.hadoop.mapred.MapTask: kvstart = 26214396; length = 6553600
2019-10-11 11:34:27,006 INFO org.apache.hadoop.mapred.MapTask: Map output collector class = org.apache.hadoop.mapred.MapTask$MapOutputBuffer
2019-10-11 11:34:27,019 INFO org.apache.hadoop.mapred.LocalJobRunner: 
2019-10-11 11:34:27,022 INFO org.apache.hadoop.mapred.MapTask: Starting flush of map output
2019-10-11 11:34:27,023 INFO org.apache.hadoop.mapred.MapTask: Spilling map output
2019-10-11 11:34:27,023 INFO org.apache.hadoop.mapred.MapTask: bufstart = 0; bufend = 2428; bufvoid = 104857600
2019-10-11 11:34:27,023 INFO org.apache.hadoop.mapred.MapTask: kvstart = 26214396(104857584); kvend = 26214160(104856640); length = 237/6553600
2019-10-11 11:34:27,038 INFO org.apache.hadoop.mapred.MapTask: Finished spill 0
2019-10-11 11:34:27,040 INFO org.apache.hadoop.mapred.Task: Task:attempt_local1110155290_0001_m_000000_0 is done. And is in the process of committing
2019-10-11 11:34:27,046 INFO org.apache.hadoop.mapred.LocalJobRunner: map
2019-10-11 11:34:27,046 INFO org.apache.hadoop.mapred.Task: Task 'attempt_local1110155290_0001_m_000000_0' done.
2019-10-11 11:34:27,046 INFO org.apache.hadoop.mapred.LocalJobRunner: Finishing task: attempt_local1110155290_0001_m_000000_0
2019-10-11 11:34:27,047 INFO org.apache.hadoop.mapred.LocalJobRunner: map task executor complete.
2019-10-11 11:34:27,049 INFO org.apache.hadoop.mapred.LocalJobRunner: Waiting for reduce tasks
2019-10-11 11:34:27,049 INFO org.apache.hadoop.mapred.LocalJobRunner: Starting task: attempt_local1110155290_0001_r_000000_0
2019-10-11 11:34:27,054 INFO org.apache.hadoop.mapreduce.lib.output.FileOutputCommitter: File Output Committer Algorithm version is 1
2019-10-11 11:34:27,054 INFO org.apache.hadoop.mapreduce.lib.output.FileOutputCommitter: FileOutputCommitter skip cleanup _temporary folders under output directory:false, ignore cleanup failures: false
2019-10-11 11:34:27,054 INFO org.apache.hadoop.mapred.Task:  Using ResourceCalculatorProcessTree : [ ]
2019-10-11 11:34:27,057 INFO org.apache.hadoop.mapred.ReduceTask: Using ShuffleConsumerPlugin: org.apache.hadoop.mapreduce.task.reduce.Shuffle@50337ff4
2019-10-11 11:34:27,066 INFO org.apache.hadoop.mapreduce.task.reduce.MergeManagerImpl: MergerManager: memoryLimit=679778688, maxSingleShuffleLimit=169944672, mergeThreshold=448653952, ioSortFactor=10, memToMemMergeOutputsThreshold=10
2019-10-11 11:34:27,071 INFO org.apache.hadoop.mapreduce.task.reduce.EventFetcher: attempt_local1110155290_0001_r_000000_0 Thread started: EventFetcher for fetching Map Completion Events
2019-10-11 11:34:27,091 INFO org.apache.hadoop.mapreduce.task.reduce.LocalFetcher: localfetcher#1 about to shuffle output of map attempt_local1110155290_0001_m_000000_0 decomp: 2550 len: 2554 to MEMORY
2019-10-11 11:34:27,094 INFO org.apache.hadoop.mapreduce.task.reduce.InMemoryMapOutput: Read 2550 bytes from map-output for attempt_local1110155290_0001_m_000000_0
2019-10-11 11:34:27,094 INFO org.apache.hadoop.mapreduce.task.reduce.MergeManagerImpl: closeInMemoryFile -> map-output of size: 2550, inMemoryMapOutputs.size() -> 1, commitMemory -> 0, usedMemory ->2550
2019-10-11 11:34:27,095 INFO org.apache.hadoop.mapreduce.task.reduce.EventFetcher: EventFetcher is interrupted.. Returning
2019-10-11 11:34:27,096 INFO org.apache.hadoop.mapred.LocalJobRunner: 1 / 1 copied.
2019-10-11 11:34:27,096 INFO org.apache.hadoop.mapreduce.task.reduce.MergeManagerImpl: finalMerge called with 1 in-memory map-outputs and 0 on-disk map-outputs
2019-10-11 11:34:27,102 INFO org.apache.hadoop.mapred.Merger: Merging 1 sorted segments
2019-10-11 11:34:27,103 INFO org.apache.hadoop.mapred.Merger: Down to the last merge-pass, with 1 segments left of total size: 2534 bytes
2019-10-11 11:34:27,104 INFO org.apache.hadoop.mapreduce.task.reduce.MergeManagerImpl: Merged 1 segments, 2550 bytes to disk to satisfy reduce memory limit
2019-10-11 11:34:27,104 INFO org.apache.hadoop.mapreduce.task.reduce.MergeManagerImpl: Merging 1 files, 2554 bytes from disk
2019-10-11 11:34:27,104 INFO org.apache.hadoop.mapreduce.task.reduce.MergeManagerImpl: Merging 0 segments, 0 bytes from memory into reduce
2019-10-11 11:34:27,105 INFO org.apache.hadoop.mapred.Merger: Merging 1 sorted segments
2019-10-11 11:34:27,105 INFO org.apache.hadoop.mapred.Merger: Down to the last merge-pass, with 1 segments left of total size: 2534 bytes
2019-10-11 11:34:27,105 INFO org.apache.hadoop.mapred.LocalJobRunner: 1 / 1 copied.
2019-10-11 11:34:27,113 INFO org.apache.hadoop.conf.Configuration.deprecation: mapred.skip.on is deprecated. Instead, use mapreduce.job.skiprecords
2019-10-11 11:34:27,125 INFO org.apache.hadoop.mapred.Task: Task:attempt_local1110155290_0001_r_000000_0 is done. And is in the process of committing
2019-10-11 11:34:27,126 INFO org.apache.hadoop.mapred.LocalJobRunner: 1 / 1 copied.
2019-10-11 11:34:27,133 INFO org.apache.hadoop.mapred.Task: Task attempt_local1110155290_0001_r_000000_0 is allowed to commit now
2019-10-11 11:34:27,134 INFO org.apache.hadoop.mapreduce.lib.output.FileOutputCommitter: Saved output of task 'attempt_local1110155290_0001_r_000000_0' to file:/home/cloudera/workspace/secondarysort/output/_temporary/0/task_local1110155290_0001_r_000000
2019-10-11 11:34:27,134 INFO org.apache.hadoop.mapred.LocalJobRunner: reduce > reduce
2019-10-11 11:34:27,135 INFO org.apache.hadoop.mapred.Task: Task 'attempt_local1110155290_0001_r_000000_0' done.
2019-10-11 11:34:27,135 INFO org.apache.hadoop.mapred.LocalJobRunner: Finishing task: attempt_local1110155290_0001_r_000000_0
2019-10-11 11:34:27,135 INFO org.apache.hadoop.mapred.LocalJobRunner: reduce task executor complete.
2019-10-11 11:34:27,784 INFO org.apache.hadoop.mapreduce.Job: Job job_local1110155290_0001 running in uber mode : false
2019-10-11 11:34:27,785 INFO org.apache.hadoop.mapreduce.Job:  map 100% reduce 100%
2019-10-11 11:34:27,786 INFO org.apache.hadoop.mapreduce.Job: Job job_local1110155290_0001 completed successfully
2019-10-11 11:34:27,805 INFO org.apache.hadoop.mapreduce.Job: Counters: 30
	File System Counters
		FILE: Number of bytes read=8654
		FILE: Number of bytes written=678012
		FILE: Number of read operations=0
		FILE: Number of large read operations=0
		FILE: Number of write operations=0
	Map-Reduce Framework
		Map input records=60
		Map output records=60
		Map output bytes=2428
		Map output materialized bytes=2554
		Input split bytes=125
		Combine input records=0
		Combine output records=0
		Reduce input groups=57
		Reduce shuffle bytes=2554
		Reduce input records=60
		Reduce output records=60
		Spilled Records=120
		Shuffled Maps =1
		Failed Shuffles=0
		Merged Map outputs=1
		GC time elapsed (ms)=24
		Total committed heap usage (bytes)=331227136
	Shuffle Errors
		BAD_ID=0
		CONNECTION=0
		IO_ERROR=0
		WRONG_LENGTH=0
		WRONG_MAP=0
		WRONG_REDUCE=0
	File Input Format Counters 
		Bytes Read=1576
	File Output Format Counters 
		Bytes Written=2456
2019-10-11 12:15:55,199 WARN org.apache.hadoop.util.NativeCodeLoader: Unable to load native-hadoop library for your platform... using builtin-java classes where applicable
2019-10-11 12:15:55,685 INFO org.apache.hadoop.conf.Configuration.deprecation: session.id is deprecated. Instead, use dfs.metrics.session-id
2019-10-11 12:15:55,687 INFO org.apache.hadoop.metrics.jvm.JvmMetrics: Initializing JVM Metrics with processName=JobTracker, sessionId=
2019-10-11 12:15:56,016 WARN org.apache.hadoop.mapreduce.JobResourceUploader: No job jar file set.  User classes may not be found. See Job or Job#setJar(String).
2019-10-11 12:15:56,023 INFO org.apache.hadoop.mapreduce.lib.input.FileInputFormat: Total input paths to process : 1
2019-10-11 12:15:56,056 INFO org.apache.hadoop.mapreduce.JobSubmitter: number of splits:1
2019-10-11 12:15:56,261 INFO org.apache.hadoop.mapreduce.JobSubmitter: Submitting tokens for job: job_local1372555813_0001
2019-10-11 12:15:56,547 INFO org.apache.hadoop.mapreduce.Job: The url to track the job: http://localhost:8080/
2019-10-11 12:15:56,548 INFO org.apache.hadoop.mapreduce.Job: Running job: job_local1372555813_0001
2019-10-11 12:15:56,551 INFO org.apache.hadoop.mapred.LocalJobRunner: OutputCommitter set in config null
2019-10-11 12:15:56,559 INFO org.apache.hadoop.mapreduce.lib.output.FileOutputCommitter: File Output Committer Algorithm version is 1
2019-10-11 12:15:56,559 INFO org.apache.hadoop.mapreduce.lib.output.FileOutputCommitter: FileOutputCommitter skip cleanup _temporary folders under output directory:false, ignore cleanup failures: false
2019-10-11 12:15:56,564 INFO org.apache.hadoop.mapred.LocalJobRunner: OutputCommitter is org.apache.hadoop.mapreduce.lib.output.FileOutputCommitter
2019-10-11 12:15:56,624 INFO org.apache.hadoop.mapred.LocalJobRunner: Waiting for map tasks
2019-10-11 12:15:56,624 INFO org.apache.hadoop.mapred.LocalJobRunner: Starting task: attempt_local1372555813_0001_m_000000_0
2019-10-11 12:15:56,655 INFO org.apache.hadoop.mapreduce.lib.output.FileOutputCommitter: File Output Committer Algorithm version is 1
2019-10-11 12:15:56,656 INFO org.apache.hadoop.mapreduce.lib.output.FileOutputCommitter: FileOutputCommitter skip cleanup _temporary folders under output directory:false, ignore cleanup failures: false
2019-10-11 12:15:56,670 INFO org.apache.hadoop.mapred.Task:  Using ResourceCalculatorProcessTree : [ ]
2019-10-11 12:15:56,673 INFO org.apache.hadoop.mapred.MapTask: Processing split: file:/home/cloudera/workspace/secondarysort/nameyeartestdata:0+1576
2019-10-11 12:15:56,753 INFO org.apache.hadoop.mapred.MapTask: (EQUATOR) 0 kvi 26214396(104857584)
2019-10-11 12:15:56,754 INFO org.apache.hadoop.mapred.MapTask: mapreduce.task.io.sort.mb: 100
2019-10-11 12:15:56,754 INFO org.apache.hadoop.mapred.MapTask: soft limit at 83886080
2019-10-11 12:15:56,754 INFO org.apache.hadoop.mapred.MapTask: bufstart = 0; bufvoid = 104857600
2019-10-11 12:15:56,754 INFO org.apache.hadoop.mapred.MapTask: kvstart = 26214396; length = 6553600
2019-10-11 12:15:56,757 INFO org.apache.hadoop.mapred.MapTask: Map output collector class = org.apache.hadoop.mapred.MapTask$MapOutputBuffer
2019-10-11 12:15:56,776 INFO org.apache.hadoop.mapred.LocalJobRunner: 
2019-10-11 12:15:56,777 INFO org.apache.hadoop.mapred.MapTask: Starting flush of map output
2019-10-11 12:15:56,777 INFO org.apache.hadoop.mapred.MapTask: Spilling map output
2019-10-11 12:15:56,777 INFO org.apache.hadoop.mapred.MapTask: bufstart = 0; bufend = 2428; bufvoid = 104857600
2019-10-11 12:15:56,777 INFO org.apache.hadoop.mapred.MapTask: kvstart = 26214396(104857584); kvend = 26214160(104856640); length = 237/6553600
2019-10-11 12:15:56,786 INFO org.apache.hadoop.mapred.MapTask: Finished spill 0
2019-10-11 12:15:56,788 INFO org.apache.hadoop.mapred.Task: Task:attempt_local1372555813_0001_m_000000_0 is done. And is in the process of committing
2019-10-11 12:15:56,800 INFO org.apache.hadoop.mapred.LocalJobRunner: map
2019-10-11 12:15:56,800 INFO org.apache.hadoop.mapred.Task: Task 'attempt_local1372555813_0001_m_000000_0' done.
2019-10-11 12:15:56,801 INFO org.apache.hadoop.mapred.LocalJobRunner: Finishing task: attempt_local1372555813_0001_m_000000_0
2019-10-11 12:15:56,801 INFO org.apache.hadoop.mapred.LocalJobRunner: map task executor complete.
2019-10-11 12:15:56,805 INFO org.apache.hadoop.mapred.LocalJobRunner: Waiting for reduce tasks
2019-10-11 12:15:56,806 INFO org.apache.hadoop.mapred.LocalJobRunner: Starting task: attempt_local1372555813_0001_r_000000_0
2019-10-11 12:15:56,810 INFO org.apache.hadoop.mapreduce.lib.output.FileOutputCommitter: File Output Committer Algorithm version is 1
2019-10-11 12:15:56,810 INFO org.apache.hadoop.mapreduce.lib.output.FileOutputCommitter: FileOutputCommitter skip cleanup _temporary folders under output directory:false, ignore cleanup failures: false
2019-10-11 12:15:56,811 INFO org.apache.hadoop.mapred.Task:  Using ResourceCalculatorProcessTree : [ ]
2019-10-11 12:15:56,813 INFO org.apache.hadoop.mapred.ReduceTask: Using ShuffleConsumerPlugin: org.apache.hadoop.mapreduce.task.reduce.Shuffle@4a1da247
2019-10-11 12:15:56,820 INFO org.apache.hadoop.mapreduce.task.reduce.MergeManagerImpl: MergerManager: memoryLimit=679778688, maxSingleShuffleLimit=169944672, mergeThreshold=448653952, ioSortFactor=10, memToMemMergeOutputsThreshold=10
2019-10-11 12:15:56,826 INFO org.apache.hadoop.mapreduce.task.reduce.EventFetcher: attempt_local1372555813_0001_r_000000_0 Thread started: EventFetcher for fetching Map Completion Events
2019-10-11 12:15:56,844 INFO org.apache.hadoop.mapreduce.task.reduce.LocalFetcher: localfetcher#1 about to shuffle output of map attempt_local1372555813_0001_m_000000_0 decomp: 700 len: 704 to MEMORY
2019-10-11 12:15:56,846 INFO org.apache.hadoop.mapreduce.task.reduce.InMemoryMapOutput: Read 700 bytes from map-output for attempt_local1372555813_0001_m_000000_0
2019-10-11 12:15:56,847 INFO org.apache.hadoop.mapreduce.task.reduce.MergeManagerImpl: closeInMemoryFile -> map-output of size: 700, inMemoryMapOutputs.size() -> 1, commitMemory -> 0, usedMemory ->700
2019-10-11 12:15:56,848 INFO org.apache.hadoop.mapreduce.task.reduce.EventFetcher: EventFetcher is interrupted.. Returning
2019-10-11 12:15:56,848 INFO org.apache.hadoop.mapred.LocalJobRunner: 1 / 1 copied.
2019-10-11 12:15:56,848 INFO org.apache.hadoop.mapreduce.task.reduce.MergeManagerImpl: finalMerge called with 1 in-memory map-outputs and 0 on-disk map-outputs
2019-10-11 12:15:56,854 INFO org.apache.hadoop.mapred.Merger: Merging 1 sorted segments
2019-10-11 12:15:56,856 INFO org.apache.hadoop.mapred.Merger: Down to the last merge-pass, with 1 segments left of total size: 685 bytes
2019-10-11 12:15:56,856 INFO org.apache.hadoop.mapreduce.task.reduce.MergeManagerImpl: Merged 1 segments, 700 bytes to disk to satisfy reduce memory limit
2019-10-11 12:15:56,856 INFO org.apache.hadoop.mapreduce.task.reduce.MergeManagerImpl: Merging 1 files, 704 bytes from disk
2019-10-11 12:15:56,857 INFO org.apache.hadoop.mapreduce.task.reduce.MergeManagerImpl: Merging 0 segments, 0 bytes from memory into reduce
2019-10-11 12:15:56,857 INFO org.apache.hadoop.mapred.Merger: Merging 1 sorted segments
2019-10-11 12:15:56,857 INFO org.apache.hadoop.mapred.Merger: Down to the last merge-pass, with 1 segments left of total size: 685 bytes
2019-10-11 12:15:56,858 INFO org.apache.hadoop.mapred.LocalJobRunner: 1 / 1 copied.
2019-10-11 12:15:56,863 INFO org.apache.hadoop.conf.Configuration.deprecation: mapred.skip.on is deprecated. Instead, use mapreduce.job.skiprecords
2019-10-11 12:15:56,867 INFO org.apache.hadoop.mapred.Task: Task:attempt_local1372555813_0001_r_000000_0 is done. And is in the process of committing
2019-10-11 12:15:56,868 INFO org.apache.hadoop.mapred.LocalJobRunner: 1 / 1 copied.
2019-10-11 12:15:56,868 INFO org.apache.hadoop.mapred.Task: Task attempt_local1372555813_0001_r_000000_0 is allowed to commit now
2019-10-11 12:15:56,868 INFO org.apache.hadoop.mapreduce.lib.output.FileOutputCommitter: Saved output of task 'attempt_local1372555813_0001_r_000000_0' to file:/home/cloudera/workspace/secondarysort/output/_temporary/0/task_local1372555813_0001_r_000000
2019-10-11 12:15:56,869 INFO org.apache.hadoop.mapred.LocalJobRunner: reduce > reduce
2019-10-11 12:15:56,869 INFO org.apache.hadoop.mapred.Task: Task 'attempt_local1372555813_0001_r_000000_0' done.
2019-10-11 12:15:56,869 INFO org.apache.hadoop.mapred.LocalJobRunner: Finishing task: attempt_local1372555813_0001_r_000000_0
2019-10-11 12:15:56,870 INFO org.apache.hadoop.mapred.LocalJobRunner: Starting task: attempt_local1372555813_0001_r_000001_0
2019-10-11 12:15:56,870 INFO org.apache.hadoop.mapreduce.lib.output.FileOutputCommitter: File Output Committer Algorithm version is 1
2019-10-11 12:15:56,870 INFO org.apache.hadoop.mapreduce.lib.output.FileOutputCommitter: FileOutputCommitter skip cleanup _temporary folders under output directory:false, ignore cleanup failures: false
2019-10-11 12:15:56,871 INFO org.apache.hadoop.mapred.Task:  Using ResourceCalculatorProcessTree : [ ]
2019-10-11 12:15:56,871 INFO org.apache.hadoop.mapred.ReduceTask: Using ShuffleConsumerPlugin: org.apache.hadoop.mapreduce.task.reduce.Shuffle@74760977
2019-10-11 12:15:56,874 INFO org.apache.hadoop.mapreduce.task.reduce.MergeManagerImpl: MergerManager: memoryLimit=679778688, maxSingleShuffleLimit=169944672, mergeThreshold=448653952, ioSortFactor=10, memToMemMergeOutputsThreshold=10
2019-10-11 12:15:56,876 INFO org.apache.hadoop.mapreduce.task.reduce.EventFetcher: attempt_local1372555813_0001_r_000001_0 Thread started: EventFetcher for fetching Map Completion Events
2019-10-11 12:15:56,876 INFO org.apache.hadoop.mapreduce.task.reduce.LocalFetcher: localfetcher#2 about to shuffle output of map attempt_local1372555813_0001_m_000000_0 decomp: 1370 len: 1374 to MEMORY
2019-10-11 12:15:56,877 INFO org.apache.hadoop.mapreduce.task.reduce.InMemoryMapOutput: Read 1370 bytes from map-output for attempt_local1372555813_0001_m_000000_0
2019-10-11 12:15:56,877 INFO org.apache.hadoop.mapreduce.task.reduce.MergeManagerImpl: closeInMemoryFile -> map-output of size: 1370, inMemoryMapOutputs.size() -> 1, commitMemory -> 0, usedMemory ->1370
2019-10-11 12:15:56,877 INFO org.apache.hadoop.mapreduce.task.reduce.EventFetcher: EventFetcher is interrupted.. Returning
2019-10-11 12:15:56,878 INFO org.apache.hadoop.mapred.LocalJobRunner: 1 / 1 copied.
2019-10-11 12:15:56,878 INFO org.apache.hadoop.mapreduce.task.reduce.MergeManagerImpl: finalMerge called with 1 in-memory map-outputs and 0 on-disk map-outputs
2019-10-11 12:15:56,878 INFO org.apache.hadoop.mapred.Merger: Merging 1 sorted segments
2019-10-11 12:15:56,878 INFO org.apache.hadoop.mapred.Merger: Down to the last merge-pass, with 1 segments left of total size: 1354 bytes
2019-10-11 12:15:56,879 INFO org.apache.hadoop.mapreduce.task.reduce.MergeManagerImpl: Merged 1 segments, 1370 bytes to disk to satisfy reduce memory limit
2019-10-11 12:15:56,879 INFO org.apache.hadoop.mapreduce.task.reduce.MergeManagerImpl: Merging 1 files, 1374 bytes from disk
2019-10-11 12:15:56,879 INFO org.apache.hadoop.mapreduce.task.reduce.MergeManagerImpl: Merging 0 segments, 0 bytes from memory into reduce
2019-10-11 12:15:56,879 INFO org.apache.hadoop.mapred.Merger: Merging 1 sorted segments
2019-10-11 12:15:56,879 INFO org.apache.hadoop.mapred.Merger: Down to the last merge-pass, with 1 segments left of total size: 1354 bytes
2019-10-11 12:15:56,880 INFO org.apache.hadoop.mapred.LocalJobRunner: 1 / 1 copied.
2019-10-11 12:15:56,884 INFO org.apache.hadoop.mapred.Task: Task:attempt_local1372555813_0001_r_000001_0 is done. And is in the process of committing
2019-10-11 12:15:56,886 INFO org.apache.hadoop.mapred.LocalJobRunner: 1 / 1 copied.
2019-10-11 12:15:56,886 INFO org.apache.hadoop.mapred.Task: Task attempt_local1372555813_0001_r_000001_0 is allowed to commit now
2019-10-11 12:15:56,886 INFO org.apache.hadoop.mapreduce.lib.output.FileOutputCommitter: Saved output of task 'attempt_local1372555813_0001_r_000001_0' to file:/home/cloudera/workspace/secondarysort/output/_temporary/0/task_local1372555813_0001_r_000001
2019-10-11 12:15:56,887 INFO org.apache.hadoop.mapred.LocalJobRunner: reduce > reduce
2019-10-11 12:15:56,887 INFO org.apache.hadoop.mapred.Task: Task 'attempt_local1372555813_0001_r_000001_0' done.
2019-10-11 12:15:56,887 INFO org.apache.hadoop.mapred.LocalJobRunner: Finishing task: attempt_local1372555813_0001_r_000001_0
2019-10-11 12:15:56,887 INFO org.apache.hadoop.mapred.LocalJobRunner: Starting task: attempt_local1372555813_0001_r_000002_0
2019-10-11 12:15:56,888 INFO org.apache.hadoop.mapreduce.lib.output.FileOutputCommitter: File Output Committer Algorithm version is 1
2019-10-11 12:15:56,888 INFO org.apache.hadoop.mapreduce.lib.output.FileOutputCommitter: FileOutputCommitter skip cleanup _temporary folders under output directory:false, ignore cleanup failures: false
2019-10-11 12:15:56,888 INFO org.apache.hadoop.mapred.Task:  Using ResourceCalculatorProcessTree : [ ]
2019-10-11 12:15:56,889 INFO org.apache.hadoop.mapred.ReduceTask: Using ShuffleConsumerPlugin: org.apache.hadoop.mapreduce.task.reduce.Shuffle@1438f98e
2019-10-11 12:15:56,889 INFO org.apache.hadoop.mapreduce.task.reduce.MergeManagerImpl: MergerManager: memoryLimit=679778688, maxSingleShuffleLimit=169944672, mergeThreshold=448653952, ioSortFactor=10, memToMemMergeOutputsThreshold=10
2019-10-11 12:15:56,890 INFO org.apache.hadoop.mapreduce.task.reduce.EventFetcher: attempt_local1372555813_0001_r_000002_0 Thread started: EventFetcher for fetching Map Completion Events
2019-10-11 12:15:56,891 INFO org.apache.hadoop.mapreduce.task.reduce.LocalFetcher: localfetcher#3 about to shuffle output of map attempt_local1372555813_0001_m_000000_0 decomp: 484 len: 488 to MEMORY
2019-10-11 12:15:56,892 INFO org.apache.hadoop.mapreduce.task.reduce.InMemoryMapOutput: Read 484 bytes from map-output for attempt_local1372555813_0001_m_000000_0
2019-10-11 12:15:56,892 INFO org.apache.hadoop.mapreduce.task.reduce.MergeManagerImpl: closeInMemoryFile -> map-output of size: 484, inMemoryMapOutputs.size() -> 1, commitMemory -> 0, usedMemory ->484
2019-10-11 12:15:56,892 INFO org.apache.hadoop.mapreduce.task.reduce.EventFetcher: EventFetcher is interrupted.. Returning
2019-10-11 12:15:56,892 INFO org.apache.hadoop.mapred.LocalJobRunner: 1 / 1 copied.
2019-10-11 12:15:56,893 INFO org.apache.hadoop.mapreduce.task.reduce.MergeManagerImpl: finalMerge called with 1 in-memory map-outputs and 0 on-disk map-outputs
2019-10-11 12:15:56,895 INFO org.apache.hadoop.mapred.Merger: Merging 1 sorted segments
2019-10-11 12:15:56,895 INFO org.apache.hadoop.mapred.Merger: Down to the last merge-pass, with 1 segments left of total size: 467 bytes
2019-10-11 12:15:56,897 INFO org.apache.hadoop.mapreduce.task.reduce.MergeManagerImpl: Merged 1 segments, 484 bytes to disk to satisfy reduce memory limit
2019-10-11 12:15:56,897 INFO org.apache.hadoop.mapreduce.task.reduce.MergeManagerImpl: Merging 1 files, 488 bytes from disk
2019-10-11 12:15:56,897 INFO org.apache.hadoop.mapreduce.task.reduce.MergeManagerImpl: Merging 0 segments, 0 bytes from memory into reduce
2019-10-11 12:15:56,897 INFO org.apache.hadoop.mapred.Merger: Merging 1 sorted segments
2019-10-11 12:15:56,898 INFO org.apache.hadoop.mapred.Merger: Down to the last merge-pass, with 1 segments left of total size: 467 bytes
2019-10-11 12:15:56,898 INFO org.apache.hadoop.mapred.LocalJobRunner: 1 / 1 copied.
2019-10-11 12:15:56,901 INFO org.apache.hadoop.mapred.Task: Task:attempt_local1372555813_0001_r_000002_0 is done. And is in the process of committing
2019-10-11 12:15:56,904 INFO org.apache.hadoop.mapred.LocalJobRunner: 1 / 1 copied.
2019-10-11 12:15:56,905 INFO org.apache.hadoop.mapred.Task: Task attempt_local1372555813_0001_r_000002_0 is allowed to commit now
2019-10-11 12:15:56,905 INFO org.apache.hadoop.mapreduce.lib.output.FileOutputCommitter: Saved output of task 'attempt_local1372555813_0001_r_000002_0' to file:/home/cloudera/workspace/secondarysort/output/_temporary/0/task_local1372555813_0001_r_000002
2019-10-11 12:15:56,906 INFO org.apache.hadoop.mapred.LocalJobRunner: reduce > reduce
2019-10-11 12:15:56,906 INFO org.apache.hadoop.mapred.Task: Task 'attempt_local1372555813_0001_r_000002_0' done.
2019-10-11 12:15:56,906 INFO org.apache.hadoop.mapred.LocalJobRunner: Finishing task: attempt_local1372555813_0001_r_000002_0
2019-10-11 12:15:56,906 INFO org.apache.hadoop.mapred.LocalJobRunner: reduce task executor complete.
2019-10-11 12:15:57,554 INFO org.apache.hadoop.mapreduce.Job: Job job_local1372555813_0001 running in uber mode : false
2019-10-11 12:15:57,555 INFO org.apache.hadoop.mapreduce.Job:  map 100% reduce 100%
2019-10-11 12:15:57,558 INFO org.apache.hadoop.mapreduce.Job: Job job_local1372555813_0001 completed successfully
2019-10-11 12:15:57,581 INFO org.apache.hadoop.mapreduce.Job: Counters: 30
	File System Counters
		FILE: Number of bytes read=24766
		FILE: Number of bytes written=1362162
		FILE: Number of read operations=0
		FILE: Number of large read operations=0
		FILE: Number of write operations=0
	Map-Reduce Framework
		Map input records=60
		Map output records=60
		Map output bytes=2428
		Map output materialized bytes=2566
		Input split bytes=125
		Combine input records=0
		Combine output records=0
		Reduce input groups=34
		Reduce shuffle bytes=2566
		Reduce input records=60
		Reduce output records=60
		Spilled Records=120
		Shuffled Maps =3
		Failed Shuffles=0
		Merged Map outputs=3
		GC time elapsed (ms)=24
		Total committed heap usage (bytes)=662454272
	Shuffle Errors
		BAD_ID=0
		CONNECTION=0
		IO_ERROR=0
		WRONG_LENGTH=0
		WRONG_MAP=0
		WRONG_REDUCE=0
	File Input Format Counters 
		Bytes Read=1576
	File Output Format Counters 
		Bytes Written=2476
2019-10-11 12:26:04,931 WARN org.apache.hadoop.util.NativeCodeLoader: Unable to load native-hadoop library for your platform... using builtin-java classes where applicable
2019-10-11 12:26:05,411 INFO org.apache.hadoop.conf.Configuration.deprecation: session.id is deprecated. Instead, use dfs.metrics.session-id
2019-10-11 12:26:05,415 INFO org.apache.hadoop.metrics.jvm.JvmMetrics: Initializing JVM Metrics with processName=JobTracker, sessionId=
2019-10-11 12:26:05,738 WARN org.apache.hadoop.mapreduce.JobResourceUploader: No job jar file set.  User classes may not be found. See Job or Job#setJar(String).
2019-10-11 12:26:05,745 INFO org.apache.hadoop.mapreduce.lib.input.FileInputFormat: Total input paths to process : 1
2019-10-11 12:26:05,771 INFO org.apache.hadoop.mapreduce.JobSubmitter: number of splits:1
2019-10-11 12:26:05,961 INFO org.apache.hadoop.mapreduce.JobSubmitter: Submitting tokens for job: job_local1509279943_0001
2019-10-11 12:26:06,248 INFO org.apache.hadoop.mapreduce.Job: The url to track the job: http://localhost:8080/
2019-10-11 12:26:06,248 INFO org.apache.hadoop.mapreduce.Job: Running job: job_local1509279943_0001
2019-10-11 12:26:06,249 INFO org.apache.hadoop.mapred.LocalJobRunner: OutputCommitter set in config null
2019-10-11 12:26:06,254 INFO org.apache.hadoop.mapreduce.lib.output.FileOutputCommitter: File Output Committer Algorithm version is 1
2019-10-11 12:26:06,257 INFO org.apache.hadoop.mapreduce.lib.output.FileOutputCommitter: FileOutputCommitter skip cleanup _temporary folders under output directory:false, ignore cleanup failures: false
2019-10-11 12:26:06,266 INFO org.apache.hadoop.mapred.LocalJobRunner: OutputCommitter is org.apache.hadoop.mapreduce.lib.output.FileOutputCommitter
2019-10-11 12:26:06,314 INFO org.apache.hadoop.mapred.LocalJobRunner: Waiting for map tasks
2019-10-11 12:26:06,314 INFO org.apache.hadoop.mapred.LocalJobRunner: Starting task: attempt_local1509279943_0001_m_000000_0
2019-10-11 12:26:06,353 INFO org.apache.hadoop.mapreduce.lib.output.FileOutputCommitter: File Output Committer Algorithm version is 1
2019-10-11 12:26:06,353 INFO org.apache.hadoop.mapreduce.lib.output.FileOutputCommitter: FileOutputCommitter skip cleanup _temporary folders under output directory:false, ignore cleanup failures: false
2019-10-11 12:26:06,370 INFO org.apache.hadoop.mapred.Task:  Using ResourceCalculatorProcessTree : [ ]
2019-10-11 12:26:06,373 INFO org.apache.hadoop.mapred.MapTask: Processing split: file:/home/cloudera/workspace/secondarysort/nameyeartestdata:0+1576
2019-10-11 12:26:06,436 INFO org.apache.hadoop.mapred.MapTask: (EQUATOR) 0 kvi 26214396(104857584)
2019-10-11 12:26:06,437 INFO org.apache.hadoop.mapred.MapTask: mapreduce.task.io.sort.mb: 100
2019-10-11 12:26:06,437 INFO org.apache.hadoop.mapred.MapTask: soft limit at 83886080
2019-10-11 12:26:06,437 INFO org.apache.hadoop.mapred.MapTask: bufstart = 0; bufvoid = 104857600
2019-10-11 12:26:06,437 INFO org.apache.hadoop.mapred.MapTask: kvstart = 26214396; length = 6553600
2019-10-11 12:26:06,440 INFO org.apache.hadoop.mapred.MapTask: Map output collector class = org.apache.hadoop.mapred.MapTask$MapOutputBuffer
2019-10-11 12:26:06,445 INFO org.apache.hadoop.mapred.MapTask: Starting flush of map output
2019-10-11 12:26:06,445 INFO org.apache.hadoop.mapred.MapTask: Spilling map output
2019-10-11 12:26:06,445 INFO org.apache.hadoop.mapred.MapTask: bufstart = 0; bufend = 113; bufvoid = 104857600
2019-10-11 12:26:06,445 INFO org.apache.hadoop.mapred.MapTask: kvstart = 26214396(104857584); kvend = 26214388(104857552); length = 9/6553600
2019-10-11 12:26:06,449 INFO org.apache.hadoop.mapred.MapTask: Finished spill 0
2019-10-11 12:26:06,451 INFO org.apache.hadoop.mapred.LocalJobRunner: map task executor complete.
2019-10-11 12:26:06,453 WARN org.apache.hadoop.mapred.LocalJobRunner: job_local1509279943_0001
java.lang.Exception: java.io.IOException: Illegal partition for (Turing,1912) (2)
	at org.apache.hadoop.mapred.LocalJobRunner$Job.runTasks(LocalJobRunner.java:489)
	at org.apache.hadoop.mapred.LocalJobRunner$Job.run(LocalJobRunner.java:549)
Caused by: java.io.IOException: Illegal partition for (Turing,1912) (2)
	at org.apache.hadoop.mapred.MapTask$MapOutputBuffer.collect(MapTask.java:1089)
	at org.apache.hadoop.mapred.MapTask$NewOutputCollector.write(MapTask.java:721)
	at org.apache.hadoop.mapreduce.task.TaskInputOutputContextImpl.write(TaskInputOutputContextImpl.java:89)
	at org.apache.hadoop.mapreduce.lib.map.WrappedMapper$Context.write(WrappedMapper.java:112)
	at example.NameYearMapper.map(NameYearMapper.java:53)
	at example.NameYearMapper.map(NameYearMapper.java:1)
	at org.apache.hadoop.mapreduce.Mapper.run(Mapper.java:145)
	at org.apache.hadoop.mapred.MapTask.runNewMapper(MapTask.java:793)
	at org.apache.hadoop.mapred.MapTask.run(MapTask.java:341)
	at org.apache.hadoop.mapred.LocalJobRunner$Job$MapTaskRunnable.run(LocalJobRunner.java:270)
	at java.util.concurrent.Executors$RunnableAdapter.call(Executors.java:471)
	at java.util.concurrent.FutureTask.run(FutureTask.java:262)
	at java.util.concurrent.ThreadPoolExecutor.runWorker(ThreadPoolExecutor.java:1145)
	at java.util.concurrent.ThreadPoolExecutor$Worker.run(ThreadPoolExecutor.java:615)
	at java.lang.Thread.run(Thread.java:745)
2019-10-11 12:26:07,252 INFO org.apache.hadoop.mapreduce.Job: Job job_local1509279943_0001 running in uber mode : false
2019-10-11 12:26:07,254 INFO org.apache.hadoop.mapreduce.Job:  map 0% reduce 0%
2019-10-11 12:26:07,256 INFO org.apache.hadoop.mapreduce.Job: Job job_local1509279943_0001 failed with state FAILED due to: NA
2019-10-11 12:26:07,263 INFO org.apache.hadoop.mapreduce.Job: Counters: 0
2019-10-11 12:26:50,735 WARN org.apache.hadoop.util.NativeCodeLoader: Unable to load native-hadoop library for your platform... using builtin-java classes where applicable
2019-10-11 12:26:51,208 INFO org.apache.hadoop.conf.Configuration.deprecation: session.id is deprecated. Instead, use dfs.metrics.session-id
2019-10-11 12:26:51,212 INFO org.apache.hadoop.metrics.jvm.JvmMetrics: Initializing JVM Metrics with processName=JobTracker, sessionId=
2019-10-11 12:26:51,535 WARN org.apache.hadoop.mapreduce.JobResourceUploader: No job jar file set.  User classes may not be found. See Job or Job#setJar(String).
2019-10-11 12:26:51,540 INFO org.apache.hadoop.mapreduce.lib.input.FileInputFormat: Total input paths to process : 1
2019-10-11 12:26:51,565 INFO org.apache.hadoop.mapreduce.JobSubmitter: number of splits:1
2019-10-11 12:26:51,747 INFO org.apache.hadoop.mapreduce.JobSubmitter: Submitting tokens for job: job_local2053621658_0001
2019-10-11 12:26:52,042 INFO org.apache.hadoop.mapreduce.Job: The url to track the job: http://localhost:8080/
2019-10-11 12:26:52,042 INFO org.apache.hadoop.mapreduce.Job: Running job: job_local2053621658_0001
2019-10-11 12:26:52,045 INFO org.apache.hadoop.mapred.LocalJobRunner: OutputCommitter set in config null
2019-10-11 12:26:52,048 INFO org.apache.hadoop.mapreduce.lib.output.FileOutputCommitter: File Output Committer Algorithm version is 1
2019-10-11 12:26:52,052 INFO org.apache.hadoop.mapreduce.lib.output.FileOutputCommitter: FileOutputCommitter skip cleanup _temporary folders under output directory:false, ignore cleanup failures: false
2019-10-11 12:26:52,056 INFO org.apache.hadoop.mapred.LocalJobRunner: OutputCommitter is org.apache.hadoop.mapreduce.lib.output.FileOutputCommitter
2019-10-11 12:26:52,111 INFO org.apache.hadoop.mapred.LocalJobRunner: Waiting for map tasks
2019-10-11 12:26:52,112 INFO org.apache.hadoop.mapred.LocalJobRunner: Starting task: attempt_local2053621658_0001_m_000000_0
2019-10-11 12:26:52,160 INFO org.apache.hadoop.mapreduce.lib.output.FileOutputCommitter: File Output Committer Algorithm version is 1
2019-10-11 12:26:52,160 INFO org.apache.hadoop.mapreduce.lib.output.FileOutputCommitter: FileOutputCommitter skip cleanup _temporary folders under output directory:false, ignore cleanup failures: false
2019-10-11 12:26:52,176 INFO org.apache.hadoop.mapred.Task:  Using ResourceCalculatorProcessTree : [ ]
2019-10-11 12:26:52,178 INFO org.apache.hadoop.mapred.MapTask: Processing split: file:/home/cloudera/workspace/secondarysort/nameyeartestdata:0+1576
2019-10-11 12:26:52,248 INFO org.apache.hadoop.mapred.MapTask: (EQUATOR) 0 kvi 26214396(104857584)
2019-10-11 12:26:52,248 INFO org.apache.hadoop.mapred.MapTask: mapreduce.task.io.sort.mb: 100
2019-10-11 12:26:52,249 INFO org.apache.hadoop.mapred.MapTask: soft limit at 83886080
2019-10-11 12:26:52,249 INFO org.apache.hadoop.mapred.MapTask: bufstart = 0; bufvoid = 104857600
2019-10-11 12:26:52,249 INFO org.apache.hadoop.mapred.MapTask: kvstart = 26214396; length = 6553600
2019-10-11 12:26:52,251 INFO org.apache.hadoop.mapred.MapTask: Map output collector class = org.apache.hadoop.mapred.MapTask$MapOutputBuffer
2019-10-11 12:26:52,270 INFO org.apache.hadoop.mapred.LocalJobRunner: 
2019-10-11 12:26:52,270 INFO org.apache.hadoop.mapred.MapTask: Starting flush of map output
2019-10-11 12:26:52,271 INFO org.apache.hadoop.mapred.MapTask: Spilling map output
2019-10-11 12:26:52,271 INFO org.apache.hadoop.mapred.MapTask: bufstart = 0; bufend = 2428; bufvoid = 104857600
2019-10-11 12:26:52,271 INFO org.apache.hadoop.mapred.MapTask: kvstart = 26214396(104857584); kvend = 26214160(104856640); length = 237/6553600
2019-10-11 12:26:52,284 INFO org.apache.hadoop.mapred.MapTask: Finished spill 0
2019-10-11 12:26:52,287 INFO org.apache.hadoop.mapred.Task: Task:attempt_local2053621658_0001_m_000000_0 is done. And is in the process of committing
2019-10-11 12:26:52,293 INFO org.apache.hadoop.mapred.LocalJobRunner: map
2019-10-11 12:26:52,293 INFO org.apache.hadoop.mapred.Task: Task 'attempt_local2053621658_0001_m_000000_0' done.
2019-10-11 12:26:52,293 INFO org.apache.hadoop.mapred.LocalJobRunner: Finishing task: attempt_local2053621658_0001_m_000000_0
2019-10-11 12:26:52,293 INFO org.apache.hadoop.mapred.LocalJobRunner: map task executor complete.
2019-10-11 12:26:52,298 INFO org.apache.hadoop.mapred.LocalJobRunner: Waiting for reduce tasks
2019-10-11 12:26:52,298 INFO org.apache.hadoop.mapred.LocalJobRunner: Starting task: attempt_local2053621658_0001_r_000000_0
2019-10-11 12:26:52,305 INFO org.apache.hadoop.mapreduce.lib.output.FileOutputCommitter: File Output Committer Algorithm version is 1
2019-10-11 12:26:52,305 INFO org.apache.hadoop.mapreduce.lib.output.FileOutputCommitter: FileOutputCommitter skip cleanup _temporary folders under output directory:false, ignore cleanup failures: false
2019-10-11 12:26:52,306 INFO org.apache.hadoop.mapred.Task:  Using ResourceCalculatorProcessTree : [ ]
2019-10-11 12:26:52,308 INFO org.apache.hadoop.mapred.ReduceTask: Using ShuffleConsumerPlugin: org.apache.hadoop.mapreduce.task.reduce.Shuffle@2e3f7cd9
2019-10-11 12:26:52,316 INFO org.apache.hadoop.mapreduce.task.reduce.MergeManagerImpl: MergerManager: memoryLimit=679778688, maxSingleShuffleLimit=169944672, mergeThreshold=448653952, ioSortFactor=10, memToMemMergeOutputsThreshold=10
2019-10-11 12:26:52,321 INFO org.apache.hadoop.mapreduce.task.reduce.EventFetcher: attempt_local2053621658_0001_r_000000_0 Thread started: EventFetcher for fetching Map Completion Events
2019-10-11 12:26:52,342 INFO org.apache.hadoop.mapreduce.task.reduce.LocalFetcher: localfetcher#1 about to shuffle output of map attempt_local2053621658_0001_m_000000_0 decomp: 1996 len: 2000 to MEMORY
2019-10-11 12:26:52,345 INFO org.apache.hadoop.mapreduce.task.reduce.InMemoryMapOutput: Read 1996 bytes from map-output for attempt_local2053621658_0001_m_000000_0
2019-10-11 12:26:52,346 INFO org.apache.hadoop.mapreduce.task.reduce.MergeManagerImpl: closeInMemoryFile -> map-output of size: 1996, inMemoryMapOutputs.size() -> 1, commitMemory -> 0, usedMemory ->1996
2019-10-11 12:26:52,347 INFO org.apache.hadoop.mapreduce.task.reduce.EventFetcher: EventFetcher is interrupted.. Returning
2019-10-11 12:26:52,347 INFO org.apache.hadoop.mapred.LocalJobRunner: 1 / 1 copied.
2019-10-11 12:26:52,347 INFO org.apache.hadoop.mapreduce.task.reduce.MergeManagerImpl: finalMerge called with 1 in-memory map-outputs and 0 on-disk map-outputs
2019-10-11 12:26:52,354 INFO org.apache.hadoop.mapred.Merger: Merging 1 sorted segments
2019-10-11 12:26:52,354 INFO org.apache.hadoop.mapred.Merger: Down to the last merge-pass, with 1 segments left of total size: 1980 bytes
2019-10-11 12:26:52,356 INFO org.apache.hadoop.mapreduce.task.reduce.MergeManagerImpl: Merged 1 segments, 1996 bytes to disk to satisfy reduce memory limit
2019-10-11 12:26:52,356 INFO org.apache.hadoop.mapreduce.task.reduce.MergeManagerImpl: Merging 1 files, 2000 bytes from disk
2019-10-11 12:26:52,357 INFO org.apache.hadoop.mapreduce.task.reduce.MergeManagerImpl: Merging 0 segments, 0 bytes from memory into reduce
2019-10-11 12:26:52,357 INFO org.apache.hadoop.mapred.Merger: Merging 1 sorted segments
2019-10-11 12:26:52,357 INFO org.apache.hadoop.mapred.Merger: Down to the last merge-pass, with 1 segments left of total size: 1980 bytes
2019-10-11 12:26:52,357 INFO org.apache.hadoop.mapred.LocalJobRunner: 1 / 1 copied.
2019-10-11 12:26:52,364 INFO org.apache.hadoop.conf.Configuration.deprecation: mapred.skip.on is deprecated. Instead, use mapreduce.job.skiprecords
2019-10-11 12:26:52,370 INFO org.apache.hadoop.mapred.Task: Task:attempt_local2053621658_0001_r_000000_0 is done. And is in the process of committing
2019-10-11 12:26:52,371 INFO org.apache.hadoop.mapred.LocalJobRunner: 1 / 1 copied.
2019-10-11 12:26:52,371 INFO org.apache.hadoop.mapred.Task: Task attempt_local2053621658_0001_r_000000_0 is allowed to commit now
2019-10-11 12:26:52,373 INFO org.apache.hadoop.mapreduce.lib.output.FileOutputCommitter: Saved output of task 'attempt_local2053621658_0001_r_000000_0' to file:/home/cloudera/workspace/secondarysort/output/_temporary/0/task_local2053621658_0001_r_000000
2019-10-11 12:26:52,374 INFO org.apache.hadoop.mapred.LocalJobRunner: reduce > reduce
2019-10-11 12:26:52,374 INFO org.apache.hadoop.mapred.Task: Task 'attempt_local2053621658_0001_r_000000_0' done.
2019-10-11 12:26:52,374 INFO org.apache.hadoop.mapred.LocalJobRunner: Finishing task: attempt_local2053621658_0001_r_000000_0
2019-10-11 12:26:52,374 INFO org.apache.hadoop.mapred.LocalJobRunner: Starting task: attempt_local2053621658_0001_r_000001_0
2019-10-11 12:26:52,375 INFO org.apache.hadoop.mapreduce.lib.output.FileOutputCommitter: File Output Committer Algorithm version is 1
2019-10-11 12:26:52,375 INFO org.apache.hadoop.mapreduce.lib.output.FileOutputCommitter: FileOutputCommitter skip cleanup _temporary folders under output directory:false, ignore cleanup failures: false
2019-10-11 12:26:52,375 INFO org.apache.hadoop.mapred.Task:  Using ResourceCalculatorProcessTree : [ ]
2019-10-11 12:26:52,376 INFO org.apache.hadoop.mapred.ReduceTask: Using ShuffleConsumerPlugin: org.apache.hadoop.mapreduce.task.reduce.Shuffle@3d21c69b
2019-10-11 12:26:52,379 INFO org.apache.hadoop.mapreduce.task.reduce.MergeManagerImpl: MergerManager: memoryLimit=679778688, maxSingleShuffleLimit=169944672, mergeThreshold=448653952, ioSortFactor=10, memToMemMergeOutputsThreshold=10
2019-10-11 12:26:52,379 INFO org.apache.hadoop.mapreduce.task.reduce.EventFetcher: attempt_local2053621658_0001_r_000001_0 Thread started: EventFetcher for fetching Map Completion Events
2019-10-11 12:26:52,381 INFO org.apache.hadoop.mapreduce.task.reduce.LocalFetcher: localfetcher#2 about to shuffle output of map attempt_local2053621658_0001_m_000000_0 decomp: 556 len: 560 to MEMORY
2019-10-11 12:26:52,381 INFO org.apache.hadoop.mapreduce.task.reduce.InMemoryMapOutput: Read 556 bytes from map-output for attempt_local2053621658_0001_m_000000_0
2019-10-11 12:26:52,381 INFO org.apache.hadoop.mapreduce.task.reduce.MergeManagerImpl: closeInMemoryFile -> map-output of size: 556, inMemoryMapOutputs.size() -> 1, commitMemory -> 0, usedMemory ->556
2019-10-11 12:26:52,381 INFO org.apache.hadoop.mapreduce.task.reduce.EventFetcher: EventFetcher is interrupted.. Returning
2019-10-11 12:26:52,382 INFO org.apache.hadoop.mapred.LocalJobRunner: 1 / 1 copied.
2019-10-11 12:26:52,382 INFO org.apache.hadoop.mapreduce.task.reduce.MergeManagerImpl: finalMerge called with 1 in-memory map-outputs and 0 on-disk map-outputs
2019-10-11 12:26:52,383 INFO org.apache.hadoop.mapred.Merger: Merging 1 sorted segments
2019-10-11 12:26:52,383 INFO org.apache.hadoop.mapred.Merger: Down to the last merge-pass, with 1 segments left of total size: 537 bytes
2019-10-11 12:26:52,383 INFO org.apache.hadoop.mapreduce.task.reduce.MergeManagerImpl: Merged 1 segments, 556 bytes to disk to satisfy reduce memory limit
2019-10-11 12:26:52,384 INFO org.apache.hadoop.mapreduce.task.reduce.MergeManagerImpl: Merging 1 files, 560 bytes from disk
2019-10-11 12:26:52,384 INFO org.apache.hadoop.mapreduce.task.reduce.MergeManagerImpl: Merging 0 segments, 0 bytes from memory into reduce
2019-10-11 12:26:52,384 INFO org.apache.hadoop.mapred.Merger: Merging 1 sorted segments
2019-10-11 12:26:52,384 INFO org.apache.hadoop.mapred.Merger: Down to the last merge-pass, with 1 segments left of total size: 537 bytes
2019-10-11 12:26:52,384 INFO org.apache.hadoop.mapred.LocalJobRunner: 1 / 1 copied.
2019-10-11 12:26:52,388 INFO org.apache.hadoop.mapred.Task: Task:attempt_local2053621658_0001_r_000001_0 is done. And is in the process of committing
2019-10-11 12:26:52,389 INFO org.apache.hadoop.mapred.LocalJobRunner: 1 / 1 copied.
2019-10-11 12:26:52,389 INFO org.apache.hadoop.mapred.Task: Task attempt_local2053621658_0001_r_000001_0 is allowed to commit now
2019-10-11 12:26:52,391 INFO org.apache.hadoop.mapreduce.lib.output.FileOutputCommitter: Saved output of task 'attempt_local2053621658_0001_r_000001_0' to file:/home/cloudera/workspace/secondarysort/output/_temporary/0/task_local2053621658_0001_r_000001
2019-10-11 12:26:52,392 INFO org.apache.hadoop.mapred.LocalJobRunner: reduce > reduce
2019-10-11 12:26:52,392 INFO org.apache.hadoop.mapred.Task: Task 'attempt_local2053621658_0001_r_000001_0' done.
2019-10-11 12:26:52,392 INFO org.apache.hadoop.mapred.LocalJobRunner: Finishing task: attempt_local2053621658_0001_r_000001_0
2019-10-11 12:26:52,392 INFO org.apache.hadoop.mapred.LocalJobRunner: reduce task executor complete.
2019-10-11 12:26:53,045 INFO org.apache.hadoop.mapreduce.Job: Job job_local2053621658_0001 running in uber mode : false
2019-10-11 12:26:53,047 INFO org.apache.hadoop.mapreduce.Job:  map 100% reduce 100%
2019-10-11 12:26:53,048 INFO org.apache.hadoop.mapreduce.Job: Job job_local2053621658_0001 completed successfully
2019-10-11 12:26:53,066 INFO org.apache.hadoop.mapreduce.Job: Counters: 30
	File System Counters
		FILE: Number of bytes read=15679
		FILE: Number of bytes written=1022601
		FILE: Number of read operations=0
		FILE: Number of large read operations=0
		FILE: Number of write operations=0
	Map-Reduce Framework
		Map input records=60
		Map output records=60
		Map output bytes=2428
		Map output materialized bytes=2560
		Input split bytes=125
		Combine input records=0
		Combine output records=0
		Reduce input groups=34
		Reduce shuffle bytes=2560
		Reduce input records=60
		Reduce output records=60
		Spilled Records=120
		Shuffled Maps =2
		Failed Shuffles=0
		Merged Map outputs=2
		GC time elapsed (ms)=23
		Total committed heap usage (bytes)=496840704
	Shuffle Errors
		BAD_ID=0
		CONNECTION=0
		IO_ERROR=0
		WRONG_LENGTH=0
		WRONG_MAP=0
		WRONG_REDUCE=0
	File Input Format Counters 
		Bytes Read=1576
	File Output Format Counters 
		Bytes Written=2468
2019-10-11 12:33:27,313 WARN org.apache.hadoop.util.NativeCodeLoader: Unable to load native-hadoop library for your platform... using builtin-java classes where applicable
2019-10-11 12:33:27,783 INFO org.apache.hadoop.conf.Configuration.deprecation: session.id is deprecated. Instead, use dfs.metrics.session-id
2019-10-11 12:33:27,784 INFO org.apache.hadoop.metrics.jvm.JvmMetrics: Initializing JVM Metrics with processName=JobTracker, sessionId=
2019-10-11 12:33:28,089 WARN org.apache.hadoop.mapreduce.JobResourceUploader: No job jar file set.  User classes may not be found. See Job or Job#setJar(String).
2019-10-11 12:33:28,095 INFO org.apache.hadoop.mapreduce.lib.input.FileInputFormat: Total input paths to process : 1
2019-10-11 12:33:28,121 INFO org.apache.hadoop.mapreduce.JobSubmitter: number of splits:1
2019-10-11 12:33:28,301 INFO org.apache.hadoop.mapreduce.JobSubmitter: Submitting tokens for job: job_local751818638_0001
2019-10-11 12:33:28,584 INFO org.apache.hadoop.mapreduce.Job: The url to track the job: http://localhost:8080/
2019-10-11 12:33:28,585 INFO org.apache.hadoop.mapreduce.Job: Running job: job_local751818638_0001
2019-10-11 12:33:28,587 INFO org.apache.hadoop.mapred.LocalJobRunner: OutputCommitter set in config null
2019-10-11 12:33:28,590 INFO org.apache.hadoop.mapreduce.lib.output.FileOutputCommitter: File Output Committer Algorithm version is 1
2019-10-11 12:33:28,590 INFO org.apache.hadoop.mapreduce.lib.output.FileOutputCommitter: FileOutputCommitter skip cleanup _temporary folders under output directory:false, ignore cleanup failures: false
2019-10-11 12:33:28,598 INFO org.apache.hadoop.mapred.LocalJobRunner: OutputCommitter is org.apache.hadoop.mapreduce.lib.output.FileOutputCommitter
2019-10-11 12:33:28,653 INFO org.apache.hadoop.mapred.LocalJobRunner: Waiting for map tasks
2019-10-11 12:33:28,653 INFO org.apache.hadoop.mapred.LocalJobRunner: Starting task: attempt_local751818638_0001_m_000000_0
2019-10-11 12:33:28,695 INFO org.apache.hadoop.mapreduce.lib.output.FileOutputCommitter: File Output Committer Algorithm version is 1
2019-10-11 12:33:28,697 INFO org.apache.hadoop.mapreduce.lib.output.FileOutputCommitter: FileOutputCommitter skip cleanup _temporary folders under output directory:false, ignore cleanup failures: false
2019-10-11 12:33:28,720 INFO org.apache.hadoop.mapred.Task:  Using ResourceCalculatorProcessTree : [ ]
2019-10-11 12:33:28,723 INFO org.apache.hadoop.mapred.MapTask: Processing split: file:/home/cloudera/workspace/secondarysort/nameyeartestdata:0+1576
2019-10-11 12:33:28,791 INFO org.apache.hadoop.mapred.MapTask: (EQUATOR) 0 kvi 26214396(104857584)
2019-10-11 12:33:28,791 INFO org.apache.hadoop.mapred.MapTask: mapreduce.task.io.sort.mb: 100
2019-10-11 12:33:28,791 INFO org.apache.hadoop.mapred.MapTask: soft limit at 83886080
2019-10-11 12:33:28,791 INFO org.apache.hadoop.mapred.MapTask: bufstart = 0; bufvoid = 104857600
2019-10-11 12:33:28,791 INFO org.apache.hadoop.mapred.MapTask: kvstart = 26214396; length = 6553600
2019-10-11 12:33:28,794 INFO org.apache.hadoop.mapred.MapTask: Map output collector class = org.apache.hadoop.mapred.MapTask$MapOutputBuffer
2019-10-11 12:33:28,816 INFO org.apache.hadoop.mapred.LocalJobRunner: 
2019-10-11 12:33:28,816 INFO org.apache.hadoop.mapred.MapTask: Starting flush of map output
2019-10-11 12:33:28,816 INFO org.apache.hadoop.mapred.MapTask: Spilling map output
2019-10-11 12:33:28,817 INFO org.apache.hadoop.mapred.MapTask: bufstart = 0; bufend = 2428; bufvoid = 104857600
2019-10-11 12:33:28,817 INFO org.apache.hadoop.mapred.MapTask: kvstart = 26214396(104857584); kvend = 26214160(104856640); length = 237/6553600
2019-10-11 12:33:28,828 INFO org.apache.hadoop.mapred.MapTask: Finished spill 0
2019-10-11 12:33:28,831 INFO org.apache.hadoop.mapred.Task: Task:attempt_local751818638_0001_m_000000_0 is done. And is in the process of committing
2019-10-11 12:33:28,836 INFO org.apache.hadoop.mapred.LocalJobRunner: map
2019-10-11 12:33:28,836 INFO org.apache.hadoop.mapred.Task: Task 'attempt_local751818638_0001_m_000000_0' done.
2019-10-11 12:33:28,837 INFO org.apache.hadoop.mapred.LocalJobRunner: Finishing task: attempt_local751818638_0001_m_000000_0
2019-10-11 12:33:28,837 INFO org.apache.hadoop.mapred.LocalJobRunner: map task executor complete.
2019-10-11 12:33:28,842 INFO org.apache.hadoop.mapred.LocalJobRunner: Waiting for reduce tasks
2019-10-11 12:33:28,842 INFO org.apache.hadoop.mapred.LocalJobRunner: Starting task: attempt_local751818638_0001_r_000000_0
2019-10-11 12:33:28,846 INFO org.apache.hadoop.mapreduce.lib.output.FileOutputCommitter: File Output Committer Algorithm version is 1
2019-10-11 12:33:28,846 INFO org.apache.hadoop.mapreduce.lib.output.FileOutputCommitter: FileOutputCommitter skip cleanup _temporary folders under output directory:false, ignore cleanup failures: false
2019-10-11 12:33:28,846 INFO org.apache.hadoop.mapred.Task:  Using ResourceCalculatorProcessTree : [ ]
2019-10-11 12:33:28,848 INFO org.apache.hadoop.mapred.ReduceTask: Using ShuffleConsumerPlugin: org.apache.hadoop.mapreduce.task.reduce.Shuffle@2e3f7cd9
2019-10-11 12:33:28,856 INFO org.apache.hadoop.mapreduce.task.reduce.MergeManagerImpl: MergerManager: memoryLimit=679778688, maxSingleShuffleLimit=169944672, mergeThreshold=448653952, ioSortFactor=10, memToMemMergeOutputsThreshold=10
2019-10-11 12:33:28,861 INFO org.apache.hadoop.mapreduce.task.reduce.EventFetcher: attempt_local751818638_0001_r_000000_0 Thread started: EventFetcher for fetching Map Completion Events
2019-10-11 12:33:28,879 INFO org.apache.hadoop.mapreduce.task.reduce.LocalFetcher: localfetcher#1 about to shuffle output of map attempt_local751818638_0001_m_000000_0 decomp: 1996 len: 2000 to MEMORY
2019-10-11 12:33:28,882 INFO org.apache.hadoop.mapreduce.task.reduce.InMemoryMapOutput: Read 1996 bytes from map-output for attempt_local751818638_0001_m_000000_0
2019-10-11 12:33:28,882 INFO org.apache.hadoop.mapreduce.task.reduce.MergeManagerImpl: closeInMemoryFile -> map-output of size: 1996, inMemoryMapOutputs.size() -> 1, commitMemory -> 0, usedMemory ->1996
2019-10-11 12:33:28,883 INFO org.apache.hadoop.mapreduce.task.reduce.EventFetcher: EventFetcher is interrupted.. Returning
2019-10-11 12:33:28,883 INFO org.apache.hadoop.mapred.LocalJobRunner: 1 / 1 copied.
2019-10-11 12:33:28,883 INFO org.apache.hadoop.mapreduce.task.reduce.MergeManagerImpl: finalMerge called with 1 in-memory map-outputs and 0 on-disk map-outputs
2019-10-11 12:33:28,887 INFO org.apache.hadoop.mapred.Merger: Merging 1 sorted segments
2019-10-11 12:33:28,887 INFO org.apache.hadoop.mapred.Merger: Down to the last merge-pass, with 1 segments left of total size: 1980 bytes
2019-10-11 12:33:28,888 INFO org.apache.hadoop.mapreduce.task.reduce.MergeManagerImpl: Merged 1 segments, 1996 bytes to disk to satisfy reduce memory limit
2019-10-11 12:33:28,888 INFO org.apache.hadoop.mapreduce.task.reduce.MergeManagerImpl: Merging 1 files, 2000 bytes from disk
2019-10-11 12:33:28,888 INFO org.apache.hadoop.mapreduce.task.reduce.MergeManagerImpl: Merging 0 segments, 0 bytes from memory into reduce
2019-10-11 12:33:28,888 INFO org.apache.hadoop.mapred.Merger: Merging 1 sorted segments
2019-10-11 12:33:28,889 INFO org.apache.hadoop.mapred.Merger: Down to the last merge-pass, with 1 segments left of total size: 1980 bytes
2019-10-11 12:33:28,889 INFO org.apache.hadoop.mapred.LocalJobRunner: 1 / 1 copied.
2019-10-11 12:33:28,895 INFO org.apache.hadoop.conf.Configuration.deprecation: mapred.skip.on is deprecated. Instead, use mapreduce.job.skiprecords
2019-10-11 12:33:28,900 INFO org.apache.hadoop.mapred.Task: Task:attempt_local751818638_0001_r_000000_0 is done. And is in the process of committing
2019-10-11 12:33:28,901 INFO org.apache.hadoop.mapred.LocalJobRunner: 1 / 1 copied.
2019-10-11 12:33:28,901 INFO org.apache.hadoop.mapred.Task: Task attempt_local751818638_0001_r_000000_0 is allowed to commit now
2019-10-11 12:33:28,902 INFO org.apache.hadoop.mapreduce.lib.output.FileOutputCommitter: Saved output of task 'attempt_local751818638_0001_r_000000_0' to file:/home/cloudera/workspace/secondarysort/output/_temporary/0/task_local751818638_0001_r_000000
2019-10-11 12:33:28,902 INFO org.apache.hadoop.mapred.LocalJobRunner: reduce > reduce
2019-10-11 12:33:28,902 INFO org.apache.hadoop.mapred.Task: Task 'attempt_local751818638_0001_r_000000_0' done.
2019-10-11 12:33:28,903 INFO org.apache.hadoop.mapred.LocalJobRunner: Finishing task: attempt_local751818638_0001_r_000000_0
2019-10-11 12:33:28,903 INFO org.apache.hadoop.mapred.LocalJobRunner: Starting task: attempt_local751818638_0001_r_000001_0
2019-10-11 12:33:28,903 INFO org.apache.hadoop.mapreduce.lib.output.FileOutputCommitter: File Output Committer Algorithm version is 1
2019-10-11 12:33:28,903 INFO org.apache.hadoop.mapreduce.lib.output.FileOutputCommitter: FileOutputCommitter skip cleanup _temporary folders under output directory:false, ignore cleanup failures: false
2019-10-11 12:33:28,904 INFO org.apache.hadoop.mapred.Task:  Using ResourceCalculatorProcessTree : [ ]
2019-10-11 12:33:28,904 INFO org.apache.hadoop.mapred.ReduceTask: Using ShuffleConsumerPlugin: org.apache.hadoop.mapreduce.task.reduce.Shuffle@3d21c69b
2019-10-11 12:33:28,907 INFO org.apache.hadoop.mapreduce.task.reduce.MergeManagerImpl: MergerManager: memoryLimit=679778688, maxSingleShuffleLimit=169944672, mergeThreshold=448653952, ioSortFactor=10, memToMemMergeOutputsThreshold=10
2019-10-11 12:33:28,908 INFO org.apache.hadoop.mapreduce.task.reduce.EventFetcher: attempt_local751818638_0001_r_000001_0 Thread started: EventFetcher for fetching Map Completion Events
2019-10-11 12:33:28,909 INFO org.apache.hadoop.mapreduce.task.reduce.LocalFetcher: localfetcher#2 about to shuffle output of map attempt_local751818638_0001_m_000000_0 decomp: 556 len: 560 to MEMORY
2019-10-11 12:33:28,909 INFO org.apache.hadoop.mapreduce.task.reduce.InMemoryMapOutput: Read 556 bytes from map-output for attempt_local751818638_0001_m_000000_0
2019-10-11 12:33:28,909 INFO org.apache.hadoop.mapreduce.task.reduce.MergeManagerImpl: closeInMemoryFile -> map-output of size: 556, inMemoryMapOutputs.size() -> 1, commitMemory -> 0, usedMemory ->556
2019-10-11 12:33:28,910 INFO org.apache.hadoop.mapreduce.task.reduce.EventFetcher: EventFetcher is interrupted.. Returning
2019-10-11 12:33:28,910 INFO org.apache.hadoop.mapred.LocalJobRunner: 1 / 1 copied.
2019-10-11 12:33:28,910 INFO org.apache.hadoop.mapreduce.task.reduce.MergeManagerImpl: finalMerge called with 1 in-memory map-outputs and 0 on-disk map-outputs
2019-10-11 12:33:28,911 INFO org.apache.hadoop.mapred.Merger: Merging 1 sorted segments
2019-10-11 12:33:28,911 INFO org.apache.hadoop.mapred.Merger: Down to the last merge-pass, with 1 segments left of total size: 537 bytes
2019-10-11 12:33:28,911 INFO org.apache.hadoop.mapreduce.task.reduce.MergeManagerImpl: Merged 1 segments, 556 bytes to disk to satisfy reduce memory limit
2019-10-11 12:33:28,912 INFO org.apache.hadoop.mapreduce.task.reduce.MergeManagerImpl: Merging 1 files, 560 bytes from disk
2019-10-11 12:33:28,912 INFO org.apache.hadoop.mapreduce.task.reduce.MergeManagerImpl: Merging 0 segments, 0 bytes from memory into reduce
2019-10-11 12:33:28,912 INFO org.apache.hadoop.mapred.Merger: Merging 1 sorted segments
2019-10-11 12:33:28,912 INFO org.apache.hadoop.mapred.Merger: Down to the last merge-pass, with 1 segments left of total size: 537 bytes
2019-10-11 12:33:28,912 INFO org.apache.hadoop.mapred.LocalJobRunner: 1 / 1 copied.
2019-10-11 12:33:28,916 INFO org.apache.hadoop.mapred.Task: Task:attempt_local751818638_0001_r_000001_0 is done. And is in the process of committing
2019-10-11 12:33:28,917 INFO org.apache.hadoop.mapred.LocalJobRunner: 1 / 1 copied.
2019-10-11 12:33:28,917 INFO org.apache.hadoop.mapred.Task: Task attempt_local751818638_0001_r_000001_0 is allowed to commit now
2019-10-11 12:33:28,919 INFO org.apache.hadoop.mapreduce.lib.output.FileOutputCommitter: Saved output of task 'attempt_local751818638_0001_r_000001_0' to file:/home/cloudera/workspace/secondarysort/output/_temporary/0/task_local751818638_0001_r_000001
2019-10-11 12:33:28,919 INFO org.apache.hadoop.mapred.LocalJobRunner: reduce > reduce
2019-10-11 12:33:28,920 INFO org.apache.hadoop.mapred.Task: Task 'attempt_local751818638_0001_r_000001_0' done.
2019-10-11 12:33:28,920 INFO org.apache.hadoop.mapred.LocalJobRunner: Finishing task: attempt_local751818638_0001_r_000001_0
2019-10-11 12:33:28,920 INFO org.apache.hadoop.mapred.LocalJobRunner: reduce task executor complete.
2019-10-11 12:33:29,588 INFO org.apache.hadoop.mapreduce.Job: Job job_local751818638_0001 running in uber mode : false
2019-10-11 12:33:29,589 INFO org.apache.hadoop.mapreduce.Job:  map 100% reduce 100%
2019-10-11 12:33:29,591 INFO org.apache.hadoop.mapreduce.Job: Job job_local751818638_0001 completed successfully
2019-10-11 12:33:29,614 INFO org.apache.hadoop.mapreduce.Job: Counters: 30
	File System Counters
		FILE: Number of bytes read=15679
		FILE: Number of bytes written=1017789
		FILE: Number of read operations=0
		FILE: Number of large read operations=0
		FILE: Number of write operations=0
	Map-Reduce Framework
		Map input records=60
		Map output records=60
		Map output bytes=2428
		Map output materialized bytes=2560
		Input split bytes=125
		Combine input records=0
		Combine output records=0
		Reduce input groups=34
		Reduce shuffle bytes=2560
		Reduce input records=60
		Reduce output records=60
		Spilled Records=120
		Shuffled Maps =2
		Failed Shuffles=0
		Merged Map outputs=2
		GC time elapsed (ms)=26
		Total committed heap usage (bytes)=496840704
	Shuffle Errors
		BAD_ID=0
		CONNECTION=0
		IO_ERROR=0
		WRONG_LENGTH=0
		WRONG_MAP=0
		WRONG_REDUCE=0
	File Input Format Counters 
		Bytes Read=1576
	File Output Format Counters 
		Bytes Written=2468
2019-10-11 12:34:29,704 WARN org.apache.hadoop.util.NativeCodeLoader: Unable to load native-hadoop library for your platform... using builtin-java classes where applicable
2019-10-11 12:34:30,188 INFO org.apache.hadoop.conf.Configuration.deprecation: session.id is deprecated. Instead, use dfs.metrics.session-id
2019-10-11 12:34:30,189 INFO org.apache.hadoop.metrics.jvm.JvmMetrics: Initializing JVM Metrics with processName=JobTracker, sessionId=
2019-10-11 12:34:30,497 WARN org.apache.hadoop.mapreduce.JobResourceUploader: No job jar file set.  User classes may not be found. See Job or Job#setJar(String).
2019-10-11 12:34:30,503 INFO org.apache.hadoop.mapreduce.lib.input.FileInputFormat: Total input paths to process : 1
2019-10-11 12:34:30,527 INFO org.apache.hadoop.mapreduce.JobSubmitter: number of splits:1
2019-10-11 12:34:30,712 INFO org.apache.hadoop.mapreduce.JobSubmitter: Submitting tokens for job: job_local1429505360_0001
2019-10-11 12:34:31,008 INFO org.apache.hadoop.mapreduce.Job: The url to track the job: http://localhost:8080/
2019-10-11 12:34:31,008 INFO org.apache.hadoop.mapreduce.Job: Running job: job_local1429505360_0001
2019-10-11 12:34:31,012 INFO org.apache.hadoop.mapred.LocalJobRunner: OutputCommitter set in config null
2019-10-11 12:34:31,018 INFO org.apache.hadoop.mapreduce.lib.output.FileOutputCommitter: File Output Committer Algorithm version is 1
2019-10-11 12:34:31,018 INFO org.apache.hadoop.mapreduce.lib.output.FileOutputCommitter: FileOutputCommitter skip cleanup _temporary folders under output directory:false, ignore cleanup failures: false
2019-10-11 12:34:31,022 INFO org.apache.hadoop.mapred.LocalJobRunner: OutputCommitter is org.apache.hadoop.mapreduce.lib.output.FileOutputCommitter
2019-10-11 12:34:31,083 INFO org.apache.hadoop.mapred.LocalJobRunner: Waiting for map tasks
2019-10-11 12:34:31,083 INFO org.apache.hadoop.mapred.LocalJobRunner: Starting task: attempt_local1429505360_0001_m_000000_0
2019-10-11 12:34:31,127 INFO org.apache.hadoop.mapreduce.lib.output.FileOutputCommitter: File Output Committer Algorithm version is 1
2019-10-11 12:34:31,128 INFO org.apache.hadoop.mapreduce.lib.output.FileOutputCommitter: FileOutputCommitter skip cleanup _temporary folders under output directory:false, ignore cleanup failures: false
2019-10-11 12:34:31,143 INFO org.apache.hadoop.mapred.Task:  Using ResourceCalculatorProcessTree : [ ]
2019-10-11 12:34:31,146 INFO org.apache.hadoop.mapred.MapTask: Processing split: file:/home/cloudera/workspace/secondarysort/nameyeartestdata:0+1576
2019-10-11 12:34:31,216 INFO org.apache.hadoop.mapred.MapTask: (EQUATOR) 0 kvi 26214396(104857584)
2019-10-11 12:34:31,217 INFO org.apache.hadoop.mapred.MapTask: mapreduce.task.io.sort.mb: 100
2019-10-11 12:34:31,217 INFO org.apache.hadoop.mapred.MapTask: soft limit at 83886080
2019-10-11 12:34:31,217 INFO org.apache.hadoop.mapred.MapTask: bufstart = 0; bufvoid = 104857600
2019-10-11 12:34:31,217 INFO org.apache.hadoop.mapred.MapTask: kvstart = 26214396; length = 6553600
2019-10-11 12:34:31,219 INFO org.apache.hadoop.mapred.MapTask: Map output collector class = org.apache.hadoop.mapred.MapTask$MapOutputBuffer
2019-10-11 12:34:31,244 INFO org.apache.hadoop.mapred.LocalJobRunner: 
2019-10-11 12:34:31,244 INFO org.apache.hadoop.mapred.MapTask: Starting flush of map output
2019-10-11 12:34:31,244 INFO org.apache.hadoop.mapred.MapTask: Spilling map output
2019-10-11 12:34:31,244 INFO org.apache.hadoop.mapred.MapTask: bufstart = 0; bufend = 2428; bufvoid = 104857600
2019-10-11 12:34:31,244 INFO org.apache.hadoop.mapred.MapTask: kvstart = 26214396(104857584); kvend = 26214160(104856640); length = 237/6553600
2019-10-11 12:34:31,253 INFO org.apache.hadoop.mapred.MapTask: Finished spill 0
2019-10-11 12:34:31,255 INFO org.apache.hadoop.mapred.Task: Task:attempt_local1429505360_0001_m_000000_0 is done. And is in the process of committing
2019-10-11 12:34:31,260 INFO org.apache.hadoop.mapred.LocalJobRunner: map
2019-10-11 12:34:31,260 INFO org.apache.hadoop.mapred.Task: Task 'attempt_local1429505360_0001_m_000000_0' done.
2019-10-11 12:34:31,260 INFO org.apache.hadoop.mapred.LocalJobRunner: Finishing task: attempt_local1429505360_0001_m_000000_0
2019-10-11 12:34:31,260 INFO org.apache.hadoop.mapred.LocalJobRunner: map task executor complete.
2019-10-11 12:34:31,266 INFO org.apache.hadoop.mapred.LocalJobRunner: Waiting for reduce tasks
2019-10-11 12:34:31,266 INFO org.apache.hadoop.mapred.LocalJobRunner: Starting task: attempt_local1429505360_0001_r_000000_0
2019-10-11 12:34:31,270 INFO org.apache.hadoop.mapreduce.lib.output.FileOutputCommitter: File Output Committer Algorithm version is 1
2019-10-11 12:34:31,270 INFO org.apache.hadoop.mapreduce.lib.output.FileOutputCommitter: FileOutputCommitter skip cleanup _temporary folders under output directory:false, ignore cleanup failures: false
2019-10-11 12:34:31,271 INFO org.apache.hadoop.mapred.Task:  Using ResourceCalculatorProcessTree : [ ]
2019-10-11 12:34:31,273 INFO org.apache.hadoop.mapred.ReduceTask: Using ShuffleConsumerPlugin: org.apache.hadoop.mapreduce.task.reduce.Shuffle@4a1da247
2019-10-11 12:34:31,281 INFO org.apache.hadoop.mapreduce.task.reduce.MergeManagerImpl: MergerManager: memoryLimit=679778688, maxSingleShuffleLimit=169944672, mergeThreshold=448653952, ioSortFactor=10, memToMemMergeOutputsThreshold=10
2019-10-11 12:34:31,287 INFO org.apache.hadoop.mapreduce.task.reduce.EventFetcher: attempt_local1429505360_0001_r_000000_0 Thread started: EventFetcher for fetching Map Completion Events
2019-10-11 12:34:31,307 INFO org.apache.hadoop.mapreduce.task.reduce.LocalFetcher: localfetcher#1 about to shuffle output of map attempt_local1429505360_0001_m_000000_0 decomp: 1501 len: 1505 to MEMORY
2019-10-11 12:34:31,310 INFO org.apache.hadoop.mapreduce.task.reduce.InMemoryMapOutput: Read 1501 bytes from map-output for attempt_local1429505360_0001_m_000000_0
2019-10-11 12:34:31,311 INFO org.apache.hadoop.mapreduce.task.reduce.MergeManagerImpl: closeInMemoryFile -> map-output of size: 1501, inMemoryMapOutputs.size() -> 1, commitMemory -> 0, usedMemory ->1501
2019-10-11 12:34:31,311 INFO org.apache.hadoop.mapreduce.task.reduce.EventFetcher: EventFetcher is interrupted.. Returning
2019-10-11 12:34:31,312 INFO org.apache.hadoop.mapred.LocalJobRunner: 1 / 1 copied.
2019-10-11 12:34:31,312 INFO org.apache.hadoop.mapreduce.task.reduce.MergeManagerImpl: finalMerge called with 1 in-memory map-outputs and 0 on-disk map-outputs
2019-10-11 12:34:31,316 INFO org.apache.hadoop.mapred.Merger: Merging 1 sorted segments
2019-10-11 12:34:31,316 INFO org.apache.hadoop.mapred.Merger: Down to the last merge-pass, with 1 segments left of total size: 1485 bytes
2019-10-11 12:34:31,317 INFO org.apache.hadoop.mapreduce.task.reduce.MergeManagerImpl: Merged 1 segments, 1501 bytes to disk to satisfy reduce memory limit
2019-10-11 12:34:31,317 INFO org.apache.hadoop.mapreduce.task.reduce.MergeManagerImpl: Merging 1 files, 1505 bytes from disk
2019-10-11 12:34:31,318 INFO org.apache.hadoop.mapreduce.task.reduce.MergeManagerImpl: Merging 0 segments, 0 bytes from memory into reduce
2019-10-11 12:34:31,318 INFO org.apache.hadoop.mapred.Merger: Merging 1 sorted segments
2019-10-11 12:34:31,318 INFO org.apache.hadoop.mapred.Merger: Down to the last merge-pass, with 1 segments left of total size: 1485 bytes
2019-10-11 12:34:31,319 INFO org.apache.hadoop.mapred.LocalJobRunner: 1 / 1 copied.
2019-10-11 12:34:31,322 INFO org.apache.hadoop.conf.Configuration.deprecation: mapred.skip.on is deprecated. Instead, use mapreduce.job.skiprecords
2019-10-11 12:34:31,327 INFO org.apache.hadoop.mapred.Task: Task:attempt_local1429505360_0001_r_000000_0 is done. And is in the process of committing
2019-10-11 12:34:31,328 INFO org.apache.hadoop.mapred.LocalJobRunner: 1 / 1 copied.
2019-10-11 12:34:31,328 INFO org.apache.hadoop.mapred.Task: Task attempt_local1429505360_0001_r_000000_0 is allowed to commit now
2019-10-11 12:34:31,328 INFO org.apache.hadoop.mapreduce.lib.output.FileOutputCommitter: Saved output of task 'attempt_local1429505360_0001_r_000000_0' to file:/home/cloudera/workspace/secondarysort/output/_temporary/0/task_local1429505360_0001_r_000000
2019-10-11 12:34:31,329 INFO org.apache.hadoop.mapred.LocalJobRunner: reduce > reduce
2019-10-11 12:34:31,329 INFO org.apache.hadoop.mapred.Task: Task 'attempt_local1429505360_0001_r_000000_0' done.
2019-10-11 12:34:31,329 INFO org.apache.hadoop.mapred.LocalJobRunner: Finishing task: attempt_local1429505360_0001_r_000000_0
2019-10-11 12:34:31,329 INFO org.apache.hadoop.mapred.LocalJobRunner: Starting task: attempt_local1429505360_0001_r_000001_0
2019-10-11 12:34:31,330 INFO org.apache.hadoop.mapreduce.lib.output.FileOutputCommitter: File Output Committer Algorithm version is 1
2019-10-11 12:34:31,330 INFO org.apache.hadoop.mapreduce.lib.output.FileOutputCommitter: FileOutputCommitter skip cleanup _temporary folders under output directory:false, ignore cleanup failures: false
2019-10-11 12:34:31,330 INFO org.apache.hadoop.mapred.Task:  Using ResourceCalculatorProcessTree : [ ]
2019-10-11 12:34:31,331 INFO org.apache.hadoop.mapred.ReduceTask: Using ShuffleConsumerPlugin: org.apache.hadoop.mapreduce.task.reduce.Shuffle@74760977
2019-10-11 12:34:31,333 INFO org.apache.hadoop.mapreduce.task.reduce.MergeManagerImpl: MergerManager: memoryLimit=679778688, maxSingleShuffleLimit=169944672, mergeThreshold=448653952, ioSortFactor=10, memToMemMergeOutputsThreshold=10
2019-10-11 12:34:31,334 INFO org.apache.hadoop.mapreduce.task.reduce.EventFetcher: attempt_local1429505360_0001_r_000001_0 Thread started: EventFetcher for fetching Map Completion Events
2019-10-11 12:34:31,335 INFO org.apache.hadoop.mapreduce.task.reduce.LocalFetcher: localfetcher#2 about to shuffle output of map attempt_local1429505360_0001_m_000000_0 decomp: 497 len: 501 to MEMORY
2019-10-11 12:34:31,335 INFO org.apache.hadoop.mapreduce.task.reduce.InMemoryMapOutput: Read 497 bytes from map-output for attempt_local1429505360_0001_m_000000_0
2019-10-11 12:34:31,335 INFO org.apache.hadoop.mapreduce.task.reduce.MergeManagerImpl: closeInMemoryFile -> map-output of size: 497, inMemoryMapOutputs.size() -> 1, commitMemory -> 0, usedMemory ->497
2019-10-11 12:34:31,335 INFO org.apache.hadoop.mapreduce.task.reduce.EventFetcher: EventFetcher is interrupted.. Returning
2019-10-11 12:34:31,335 INFO org.apache.hadoop.mapred.LocalJobRunner: 1 / 1 copied.
2019-10-11 12:34:31,336 INFO org.apache.hadoop.mapreduce.task.reduce.MergeManagerImpl: finalMerge called with 1 in-memory map-outputs and 0 on-disk map-outputs
2019-10-11 12:34:31,336 INFO org.apache.hadoop.mapred.Merger: Merging 1 sorted segments
2019-10-11 12:34:31,336 INFO org.apache.hadoop.mapred.Merger: Down to the last merge-pass, with 1 segments left of total size: 482 bytes
2019-10-11 12:34:31,337 INFO org.apache.hadoop.mapreduce.task.reduce.MergeManagerImpl: Merged 1 segments, 497 bytes to disk to satisfy reduce memory limit
2019-10-11 12:34:31,337 INFO org.apache.hadoop.mapreduce.task.reduce.MergeManagerImpl: Merging 1 files, 501 bytes from disk
2019-10-11 12:34:31,337 INFO org.apache.hadoop.mapreduce.task.reduce.MergeManagerImpl: Merging 0 segments, 0 bytes from memory into reduce
2019-10-11 12:34:31,337 INFO org.apache.hadoop.mapred.Merger: Merging 1 sorted segments
2019-10-11 12:34:31,338 INFO org.apache.hadoop.mapred.Merger: Down to the last merge-pass, with 1 segments left of total size: 482 bytes
2019-10-11 12:34:31,338 INFO org.apache.hadoop.mapred.LocalJobRunner: 1 / 1 copied.
2019-10-11 12:34:31,341 INFO org.apache.hadoop.mapred.Task: Task:attempt_local1429505360_0001_r_000001_0 is done. And is in the process of committing
2019-10-11 12:34:31,341 INFO org.apache.hadoop.mapred.LocalJobRunner: 1 / 1 copied.
2019-10-11 12:34:31,342 INFO org.apache.hadoop.mapred.Task: Task attempt_local1429505360_0001_r_000001_0 is allowed to commit now
2019-10-11 12:34:31,342 INFO org.apache.hadoop.mapreduce.lib.output.FileOutputCommitter: Saved output of task 'attempt_local1429505360_0001_r_000001_0' to file:/home/cloudera/workspace/secondarysort/output/_temporary/0/task_local1429505360_0001_r_000001
2019-10-11 12:34:31,347 INFO org.apache.hadoop.mapred.LocalJobRunner: reduce > reduce
2019-10-11 12:34:31,347 INFO org.apache.hadoop.mapred.Task: Task 'attempt_local1429505360_0001_r_000001_0' done.
2019-10-11 12:34:31,347 INFO org.apache.hadoop.mapred.LocalJobRunner: Finishing task: attempt_local1429505360_0001_r_000001_0
2019-10-11 12:34:31,348 INFO org.apache.hadoop.mapred.LocalJobRunner: Starting task: attempt_local1429505360_0001_r_000002_0
2019-10-11 12:34:31,351 INFO org.apache.hadoop.mapreduce.lib.output.FileOutputCommitter: File Output Committer Algorithm version is 1
2019-10-11 12:34:31,351 INFO org.apache.hadoop.mapreduce.lib.output.FileOutputCommitter: FileOutputCommitter skip cleanup _temporary folders under output directory:false, ignore cleanup failures: false
2019-10-11 12:34:31,351 INFO org.apache.hadoop.mapred.Task:  Using ResourceCalculatorProcessTree : [ ]
2019-10-11 12:34:31,351 INFO org.apache.hadoop.mapred.ReduceTask: Using ShuffleConsumerPlugin: org.apache.hadoop.mapreduce.task.reduce.Shuffle@1438f98e
2019-10-11 12:34:31,352 INFO org.apache.hadoop.mapreduce.task.reduce.MergeManagerImpl: MergerManager: memoryLimit=679778688, maxSingleShuffleLimit=169944672, mergeThreshold=448653952, ioSortFactor=10, memToMemMergeOutputsThreshold=10
2019-10-11 12:34:31,353 INFO org.apache.hadoop.mapreduce.task.reduce.EventFetcher: attempt_local1429505360_0001_r_000002_0 Thread started: EventFetcher for fetching Map Completion Events
2019-10-11 12:34:31,353 INFO org.apache.hadoop.mapreduce.task.reduce.LocalFetcher: localfetcher#3 about to shuffle output of map attempt_local1429505360_0001_m_000000_0 decomp: 556 len: 560 to MEMORY
2019-10-11 12:34:31,354 INFO org.apache.hadoop.mapreduce.task.reduce.InMemoryMapOutput: Read 556 bytes from map-output for attempt_local1429505360_0001_m_000000_0
2019-10-11 12:34:31,354 INFO org.apache.hadoop.mapreduce.task.reduce.MergeManagerImpl: closeInMemoryFile -> map-output of size: 556, inMemoryMapOutputs.size() -> 1, commitMemory -> 0, usedMemory ->556
2019-10-11 12:34:31,354 INFO org.apache.hadoop.mapreduce.task.reduce.EventFetcher: EventFetcher is interrupted.. Returning
2019-10-11 12:34:31,354 INFO org.apache.hadoop.mapred.LocalJobRunner: 1 / 1 copied.
2019-10-11 12:34:31,354 INFO org.apache.hadoop.mapreduce.task.reduce.MergeManagerImpl: finalMerge called with 1 in-memory map-outputs and 0 on-disk map-outputs
2019-10-11 12:34:31,355 INFO org.apache.hadoop.mapred.Merger: Merging 1 sorted segments
2019-10-11 12:34:31,355 INFO org.apache.hadoop.mapred.Merger: Down to the last merge-pass, with 1 segments left of total size: 537 bytes
2019-10-11 12:34:31,356 INFO org.apache.hadoop.mapreduce.task.reduce.MergeManagerImpl: Merged 1 segments, 556 bytes to disk to satisfy reduce memory limit
2019-10-11 12:34:31,358 INFO org.apache.hadoop.mapreduce.task.reduce.MergeManagerImpl: Merging 1 files, 560 bytes from disk
2019-10-11 12:34:31,359 INFO org.apache.hadoop.mapreduce.task.reduce.MergeManagerImpl: Merging 0 segments, 0 bytes from memory into reduce
2019-10-11 12:34:31,359 INFO org.apache.hadoop.mapred.Merger: Merging 1 sorted segments
2019-10-11 12:34:31,359 INFO org.apache.hadoop.mapred.Merger: Down to the last merge-pass, with 1 segments left of total size: 537 bytes
2019-10-11 12:34:31,360 INFO org.apache.hadoop.mapred.LocalJobRunner: 1 / 1 copied.
2019-10-11 12:34:31,363 INFO org.apache.hadoop.mapred.Task: Task:attempt_local1429505360_0001_r_000002_0 is done. And is in the process of committing
2019-10-11 12:34:31,366 INFO org.apache.hadoop.mapred.LocalJobRunner: 1 / 1 copied.
2019-10-11 12:34:31,367 INFO org.apache.hadoop.mapred.Task: Task attempt_local1429505360_0001_r_000002_0 is allowed to commit now
2019-10-11 12:34:31,367 INFO org.apache.hadoop.mapreduce.lib.output.FileOutputCommitter: Saved output of task 'attempt_local1429505360_0001_r_000002_0' to file:/home/cloudera/workspace/secondarysort/output/_temporary/0/task_local1429505360_0001_r_000002
2019-10-11 12:34:31,368 INFO org.apache.hadoop.mapred.LocalJobRunner: reduce > reduce
2019-10-11 12:34:31,368 INFO org.apache.hadoop.mapred.Task: Task 'attempt_local1429505360_0001_r_000002_0' done.
2019-10-11 12:34:31,368 INFO org.apache.hadoop.mapred.LocalJobRunner: Finishing task: attempt_local1429505360_0001_r_000002_0
2019-10-11 12:34:31,368 INFO org.apache.hadoop.mapred.LocalJobRunner: reduce task executor complete.
2019-10-11 12:34:32,011 INFO org.apache.hadoop.mapreduce.Job: Job job_local1429505360_0001 running in uber mode : false
2019-10-11 12:34:32,012 INFO org.apache.hadoop.mapreduce.Job:  map 100% reduce 100%
2019-10-11 12:34:32,015 INFO org.apache.hadoop.mapreduce.Job: Job job_local1429505360_0001 completed successfully
2019-10-11 12:34:32,033 INFO org.apache.hadoop.mapreduce.Job: Counters: 30
	File System Counters
		FILE: Number of bytes read=23965
		FILE: Number of bytes written=1363586
		FILE: Number of read operations=0
		FILE: Number of large read operations=0
		FILE: Number of write operations=0
	Map-Reduce Framework
		Map input records=60
		Map output records=60
		Map output bytes=2428
		Map output materialized bytes=2566
		Input split bytes=125
		Combine input records=0
		Combine output records=0
		Reduce input groups=34
		Reduce shuffle bytes=2566
		Reduce input records=60
		Reduce output records=60
		Spilled Records=120
		Shuffled Maps =3
		Failed Shuffles=0
		Merged Map outputs=3
		GC time elapsed (ms)=25
		Total committed heap usage (bytes)=662454272
	Shuffle Errors
		BAD_ID=0
		CONNECTION=0
		IO_ERROR=0
		WRONG_LENGTH=0
		WRONG_MAP=0
		WRONG_REDUCE=0
	File Input Format Counters 
		Bytes Read=1576
	File Output Format Counters 
		Bytes Written=2476
